<?xml version="1.0" encoding="UTF-8"?>
<testsuite xmlns:xsi="http://www.w3.org/2001/XMLSchema-instance" xsi:noNamespaceSchemaLocation="https://maven.apache.org/surefire/maven-surefire-plugin/xsd/surefire-test-report-3.0.xsd" version="3.0" name="com.example.PotenciaRecursivaTest" time="0.068" tests="6" errors="1" skipped="0" failures="1">
  <properties>
    <property name="java.specification.version" value="24"/>
    <property name="sun.cpu.isalist" value="amd64"/>
    <property name="sun.jnu.encoding" value="Cp1252"/>
    <property name="java.class.path" value="C:\Users\camil\OneDrive\Documents\Maestria\Pruebas de soft\Recu\demo\target\test-classes;C:\Users\camil\OneDrive\Documents\Maestria\Pruebas de soft\Recu\demo\target\classes;C:\Users\camil\.m2\repository\org\junit\jupiter\junit-jupiter\5.9.3\junit-jupiter-5.9.3.jar;C:\Users\camil\.m2\repository\org\junit\jupiter\junit-jupiter-api\5.9.3\junit-jupiter-api-5.9.3.jar;C:\Users\camil\.m2\repository\org\opentest4j\opentest4j\1.2.0\opentest4j-1.2.0.jar;C:\Users\camil\.m2\repository\org\junit\platform\junit-platform-commons\1.9.3\junit-platform-commons-1.9.3.jar;C:\Users\camil\.m2\repository\org\apiguardian\apiguardian-api\1.1.2\apiguardian-api-1.1.2.jar;C:\Users\camil\.m2\repository\org\junit\jupiter\junit-jupiter-params\5.9.3\junit-jupiter-params-5.9.3.jar;C:\Users\camil\.m2\repository\org\junit\jupiter\junit-jupiter-engine\5.9.3\junit-jupiter-engine-5.9.3.jar;C:\Users\camil\.m2\repository\org\junit\platform\junit-platform-engine\1.9.3\junit-platform-engine-1.9.3.jar;C:\Users\camil\.m2\repository\org\junit\platform\junit-platform-console-standalone\1.9.3\junit-platform-console-standalone-1.9.3.jar;"/>
    <property name="java.vm.vendor" value="Oracle Corporation"/>
    <property name="sun.arch.data.model" value="64"/>
    <property name="user.variant" value=""/>
    <property name="java.vendor.url" value="https://java.oracle.com/"/>
    <property name="user.timezone" value="America/Bogota"/>
    <property name="os.name" value="Windows 11"/>
    <property name="java.vm.specification.version" value="24"/>
    <property name="user.country" value="MX"/>
    <property name="sun.java.launcher" value="SUN_STANDARD"/>
    <property name="sun.boot.library.path" value="C:\Program Files\Java\jdk-24\bin"/>
    <property name="sun.java.command" value="C:\Users\camil\AppData\Local\Temp\surefire13316779236664275621\surefirebooter-20250911225810827_3.jar C:\Users\camil\AppData\Local\Temp\surefire13316779236664275621 2025-09-11T22-58-10_708-jvmRun1 surefire-20250911225810827_1tmp surefire_0-20250911225810827_2tmp"/>
    <property name="jdk.debug" value="release"/>
    <property name="surefire.test.class.path" value="C:\Users\camil\OneDrive\Documents\Maestria\Pruebas de soft\Recu\demo\target\test-classes;C:\Users\camil\OneDrive\Documents\Maestria\Pruebas de soft\Recu\demo\target\classes;C:\Users\camil\.m2\repository\org\junit\jupiter\junit-jupiter\5.9.3\junit-jupiter-5.9.3.jar;C:\Users\camil\.m2\repository\org\junit\jupiter\junit-jupiter-api\5.9.3\junit-jupiter-api-5.9.3.jar;C:\Users\camil\.m2\repository\org\opentest4j\opentest4j\1.2.0\opentest4j-1.2.0.jar;C:\Users\camil\.m2\repository\org\junit\platform\junit-platform-commons\1.9.3\junit-platform-commons-1.9.3.jar;C:\Users\camil\.m2\repository\org\apiguardian\apiguardian-api\1.1.2\apiguardian-api-1.1.2.jar;C:\Users\camil\.m2\repository\org\junit\jupiter\junit-jupiter-params\5.9.3\junit-jupiter-params-5.9.3.jar;C:\Users\camil\.m2\repository\org\junit\jupiter\junit-jupiter-engine\5.9.3\junit-jupiter-engine-5.9.3.jar;C:\Users\camil\.m2\repository\org\junit\platform\junit-platform-engine\1.9.3\junit-platform-engine-1.9.3.jar;C:\Users\camil\.m2\repository\org\junit\platform\junit-platform-console-standalone\1.9.3\junit-platform-console-standalone-1.9.3.jar;"/>
    <property name="sun.cpu.endian" value="little"/>
    <property name="user.home" value="C:\Users\camil"/>
    <property name="user.language" value="es"/>
    <property name="java.specification.vendor" value="Oracle Corporation"/>
    <property name="java.version.date" value="2025-07-15"/>
    <property name="java.home" value="C:\Program Files\Java\jdk-24"/>
    <property name="file.separator" value="\"/>
    <property name="basedir" value="C:\Users\camil\OneDrive\Documents\Maestria\Pruebas de soft\Recu\demo"/>
    <property name="java.vm.compressedOopsMode" value="Zero based"/>
    <property name="line.separator" value="&#10;"/>
    <property name="java.vm.specification.vendor" value="Oracle Corporation"/>
    <property name="java.specification.name" value="Java Platform API Specification"/>
    <property name="surefire.real.class.path" value="C:\Users\camil\AppData\Local\Temp\surefire13316779236664275621\surefirebooter-20250911225810827_3.jar"/>
    <property name="user.script" value=""/>
    <property name="sun.management.compiler" value="HotSpot 64-Bit Tiered Compilers"/>
    <property name="java.runtime.version" value="24.0.2+12-54"/>
    <property name="user.name" value="Camilo"/>
    <property name="stdout.encoding" value="Cp1252"/>
    <property name="path.separator" value=";"/>
    <property name="os.version" value="10.0"/>
    <property name="java.runtime.name" value="Java(TM) SE Runtime Environment"/>
    <property name="file.encoding" value="UTF-8"/>
    <property name="java.vm.name" value="Java HotSpot(TM) 64-Bit Server VM"/>
    <property name="maven.ext.class.path" value="C:\Users\camil\.vscode\extensions\oracle.oracle-java-24.1.0\nbcode\java\maven-nblib\netbeans-eventspy.jar"/>
    <property name="localRepository" value="C:\Users\camil\.m2\repository"/>
    <property name="java.vendor.url.bug" value="https://bugreport.java.com/bugreport/"/>
    <property name="java.io.tmpdir" value="C:\Users\camil\AppData\Local\Temp\"/>
    <property name="java.version" value="24.0.2"/>
    <property name="user.dir" value="C:\Users\camil\OneDrive\Documents\Maestria\Pruebas de soft\Recu\demo"/>
    <property name="os.arch" value="amd64"/>
    <property name="java.vm.specification.name" value="Java Virtual Machine Specification"/>
    <property name="sun.os.patch.level" value=""/>
    <property name="native.encoding" value="Cp1252"/>
    <property name="java.library.path" value="C:\Program Files\Java\jdk-24\bin;C:\WINDOWS\Sun\Java\bin;C:\WINDOWS\system32;C:\WINDOWS;C:\Program Files\Common Files\Oracle\Java\javapath;C:\Program Files\NVIDIA GPU Computing Toolkit\CUDA\v13.0\bin\x64;C:\Program Files\NVIDIA GPU Computing Toolkit\CUDA\v13.0\bin;c:\program files (x86)\common files\oracle\java\java8path;c:\program files (x86)\common files\oracle\java\javapath;c:\windows\system32;c:\windows;c:\windows\system32\wbem;c:\windows\system32\windowspowershell\v1.0\;c:\windows\system32\openssh\;c:\users\camil\appdata\local\programs\python\launcher\;c:\users\camil\appdata\local\microsoft\windowsapps;c:\users\camil\appdata\local\programs\microsoft vs code\bin;c:\program files\python\python312;c:\program files\dotnet\;c:\program files\putty\;c:\program files (x86)\microsoft sql server\160\dts\binn\;c:\program files (x86)\microsoft sql server\160\tools\binn\;c:\program files\microsoft sql server\160\tools\binn\;c:\program files\microsoft sql server\client sdk\odbc\170\tools\binn\;c:\program files\microsoft sql server\160\dts\binn\;c:\windows\system32;c:\windows;c:\windows\system32\wbem;c:\windows\system32\windowspowershell\v1.0\;c:\windows\system32\openssh\;C:\Program Files (x86)\NVIDIA Corporation\PhysX\Common;C:\Program Files\NVIDIA Corporation\NVIDIA App\NvDLISR;C:\Program Files (x86)\NoteBook FanControl\;C:\Program Files\NVIDIA Corporation\Nsight Compute 2025.3.0\;C:\Users\camil\AppData\Local\Programs\Python\Python313\Scripts\;C:\Users\camil\AppData\Local\Programs\Python\Python313\;C:\Users\camil\AppData\Local\Programs\Python\Launcher\;C:\Users\camil\AppData\Local\Microsoft\WindowsApps;C:\Users\camil\AppData\Local\Programs\Microsoft VS Code\bin;C:\ffmpeg\bin;C:\ffmpeg\bin\ffmpeg.exe;;."/>
    <property name="java.vm.info" value="mixed mode, sharing"/>
    <property name="stderr.encoding" value="Cp1252"/>
    <property name="java.vendor" value="Oracle Corporation"/>
    <property name="java.vm.version" value="24.0.2+12-54"/>
    <property name="sun.io.unicode.encoding" value="UnicodeLittle"/>
    <property name="java.class.version" value="68.0"/>
  </properties>
  <testcase name="testPotenciaCuatro" classname="com.example.PotenciaRecursivaTest" time="0.026">
    <failure message="expected: &lt;81&gt; but was: &lt;1296&gt;" type="org.opentest4j.AssertionFailedError"><![CDATA[org.opentest4j.AssertionFailedError: expected: <81> but was: <1296>
	at org.junit.jupiter.api.AssertionFailureBuilder.build(AssertionFailureBuilder.java:151)
	at org.junit.jupiter.api.AssertionFailureBuilder.buildAndThrow(AssertionFailureBuilder.java:132)
	at org.junit.jupiter.api.AssertEquals.failNotEqual(AssertEquals.java:197)
	at org.junit.jupiter.api.AssertEquals.assertEquals(AssertEquals.java:150)
	at org.junit.jupiter.api.AssertEquals.assertEquals(AssertEquals.java:145)
	at org.junit.jupiter.api.Assertions.assertEquals(Assertions.java:528)
	at com.example.PotenciaRecursivaTest.testPotenciaCuatro(PotenciaRecursivaTest.java:25)
	at java.base/jdk.internal.reflect.DirectMethodHandleAccessor.invoke(DirectMethodHandleAccessor.java:104)
	at java.base/java.lang.reflect.Method.invoke(Method.java:565)
	at org.junit.platform.commons.util.ReflectionUtils.invokeMethod(ReflectionUtils.java:727)
	at org.junit.jupiter.engine.execution.MethodInvocation.proceed(MethodInvocation.java:60)
	at org.junit.jupiter.engine.execution.InvocationInterceptorChain$ValidatingInvocation.proceed(InvocationInterceptorChain.java:131)
	at org.junit.jupiter.engine.extension.TimeoutExtension.intercept(TimeoutExtension.java:156)
	at org.junit.jupiter.engine.extension.TimeoutExtension.interceptTestableMethod(TimeoutExtension.java:147)
	at org.junit.jupiter.engine.extension.TimeoutExtension.interceptTestMethod(TimeoutExtension.java:86)
	at org.junit.jupiter.engine.execution.InterceptingExecutableInvoker$ReflectiveInterceptorCall.lambda$ofVoidMethod$0(InterceptingExecutableInvoker.java:103)
	at org.junit.jupiter.engine.execution.InterceptingExecutableInvoker.lambda$invoke$0(InterceptingExecutableInvoker.java:93)
	at org.junit.jupiter.engine.execution.InvocationInterceptorChain$InterceptedInvocation.proceed(InvocationInterceptorChain.java:106)
	at org.junit.jupiter.engine.execution.InvocationInterceptorChain.proceed(InvocationInterceptorChain.java:64)
	at org.junit.jupiter.engine.execution.InvocationInterceptorChain.chainAndInvoke(InvocationInterceptorChain.java:45)
	at org.junit.jupiter.engine.execution.InvocationInterceptorChain.invoke(InvocationInterceptorChain.java:37)
	at org.junit.jupiter.engine.execution.InterceptingExecutableInvoker.invoke(InterceptingExecutableInvoker.java:92)
	at org.junit.jupiter.engine.execution.InterceptingExecutableInvoker.invoke(InterceptingExecutableInvoker.java:86)
	at org.junit.jupiter.engine.descriptor.TestMethodTestDescriptor.lambda$invokeTestMethod$7(TestMethodTestDescriptor.java:217)
	at org.junit.platform.engine.support.hierarchical.ThrowableCollector.execute(ThrowableCollector.java:73)
	at org.junit.jupiter.engine.descriptor.TestMethodTestDescriptor.invokeTestMethod(TestMethodTestDescriptor.java:213)
	at org.junit.jupiter.engine.descriptor.TestMethodTestDescriptor.execute(TestMethodTestDescriptor.java:138)
	at org.junit.jupiter.engine.descriptor.TestMethodTestDescriptor.execute(TestMethodTestDescriptor.java:68)
	at org.junit.platform.engine.support.hierarchical.NodeTestTask.lambda$executeRecursively$6(NodeTestTask.java:151)
	at org.junit.platform.engine.support.hierarchical.ThrowableCollector.execute(ThrowableCollector.java:73)
	at org.junit.platform.engine.support.hierarchical.NodeTestTask.lambda$executeRecursively$8(NodeTestTask.java:141)
	at org.junit.platform.engine.support.hierarchical.Node.around(Node.java:137)
	at org.junit.platform.engine.support.hierarchical.NodeTestTask.lambda$executeRecursively$9(NodeTestTask.java:139)
	at org.junit.platform.engine.support.hierarchical.ThrowableCollector.execute(ThrowableCollector.java:73)
	at org.junit.platform.engine.support.hierarchical.NodeTestTask.executeRecursively(NodeTestTask.java:138)
	at org.junit.platform.engine.support.hierarchical.NodeTestTask.execute(NodeTestTask.java:95)
	at java.base/java.util.ArrayList.forEach(ArrayList.java:1604)
	at org.junit.platform.engine.support.hierarchical.SameThreadHierarchicalTestExecutorService.invokeAll(SameThreadHierarchicalTestExecutorService.java:41)
	at org.junit.platform.engine.support.hierarchical.NodeTestTask.lambda$executeRecursively$6(NodeTestTask.java:155)
	at org.junit.platform.engine.support.hierarchical.ThrowableCollector.execute(ThrowableCollector.java:73)
	at org.junit.platform.engine.support.hierarchical.NodeTestTask.lambda$executeRecursively$8(NodeTestTask.java:141)
	at org.junit.platform.engine.support.hierarchical.Node.around(Node.java:137)
	at org.junit.platform.engine.support.hierarchical.NodeTestTask.lambda$executeRecursively$9(NodeTestTask.java:139)
	at org.junit.platform.engine.support.hierarchical.ThrowableCollector.execute(ThrowableCollector.java:73)
	at org.junit.platform.engine.support.hierarchical.NodeTestTask.executeRecursively(NodeTestTask.java:138)
	at org.junit.platform.engine.support.hierarchical.NodeTestTask.execute(NodeTestTask.java:95)
	at java.base/java.util.ArrayList.forEach(ArrayList.java:1604)
	at org.junit.platform.engine.support.hierarchical.SameThreadHierarchicalTestExecutorService.invokeAll(SameThreadHierarchicalTestExecutorService.java:41)
	at org.junit.platform.engine.support.hierarchical.NodeTestTask.lambda$executeRecursively$6(NodeTestTask.java:155)
	at org.junit.platform.engine.support.hierarchical.ThrowableCollector.execute(ThrowableCollector.java:73)
	at org.junit.platform.engine.support.hierarchical.NodeTestTask.lambda$executeRecursively$8(NodeTestTask.java:141)
	at org.junit.platform.engine.support.hierarchical.Node.around(Node.java:137)
	at org.junit.platform.engine.support.hierarchical.NodeTestTask.lambda$executeRecursively$9(NodeTestTask.java:139)
	at org.junit.platform.engine.support.hierarchical.ThrowableCollector.execute(ThrowableCollector.java:73)
	at org.junit.platform.engine.support.hierarchical.NodeTestTask.executeRecursively(NodeTestTask.java:138)
	at org.junit.platform.engine.support.hierarchical.NodeTestTask.execute(NodeTestTask.java:95)
	at org.junit.platform.engine.support.hierarchical.SameThreadHierarchicalTestExecutorService.submit(SameThreadHierarchicalTestExecutorService.java:35)
	at org.junit.platform.engine.support.hierarchical.HierarchicalTestExecutor.execute(HierarchicalTestExecutor.java:57)
	at org.junit.platform.engine.support.hierarchical.HierarchicalTestEngine.execute(HierarchicalTestEngine.java:54)
	at org.junit.platform.launcher.core.EngineExecutionOrchestrator.execute(EngineExecutionOrchestrator.java:147)
	at org.junit.platform.launcher.core.EngineExecutionOrchestrator.execute(EngineExecutionOrchestrator.java:127)
	at org.junit.platform.launcher.core.EngineExecutionOrchestrator.execute(EngineExecutionOrchestrator.java:90)
	at org.junit.platform.launcher.core.EngineExecutionOrchestrator.lambda$execute$0(EngineExecutionOrchestrator.java:55)
	at org.junit.platform.launcher.core.EngineExecutionOrchestrator.withInterceptedStreams(EngineExecutionOrchestrator.java:102)
	at org.junit.platform.launcher.core.EngineExecutionOrchestrator.execute(EngineExecutionOrchestrator.java:54)
	at org.junit.platform.launcher.core.DefaultLauncher.execute(DefaultLauncher.java:114)
	at org.junit.platform.launcher.core.DefaultLauncher.execute(DefaultLauncher.java:86)
	at org.junit.platform.launcher.core.DefaultLauncherSession$DelegatingLauncher.execute(DefaultLauncherSession.java:86)
	at org.apache.maven.surefire.junitplatform.LazyLauncher.execute(LazyLauncher.java:56)
	at org.apache.maven.surefire.junitplatform.JUnitPlatformProvider.execute(JUnitPlatformProvider.java:184)
	at org.apache.maven.surefire.junitplatform.JUnitPlatformProvider.invokeAllTests(JUnitPlatformProvider.java:148)
	at org.apache.maven.surefire.junitplatform.JUnitPlatformProvider.invoke(JUnitPlatformProvider.java:122)
	at org.apache.maven.surefire.booter.ForkedBooter.runSuitesInProcess(ForkedBooter.java:385)
	at org.apache.maven.surefire.booter.ForkedBooter.execute(ForkedBooter.java:162)
	at org.apache.maven.surefire.booter.ForkedBooter.run(ForkedBooter.java:507)
	at org.apache.maven.surefire.booter.ForkedBooter.main(ForkedBooter.java:495)
]]></failure>
  </testcase>
  <testcase name="testPotenciaGrande" classname="com.example.PotenciaRecursivaTest" time="0.002"/>
  <testcase name="testPotenciaNegativaBase" classname="com.example.PotenciaRecursivaTest" time="0.001"/>
  <testcase name="testPotenciaExponenteNegativo" classname="com.example.PotenciaRecursivaTest" time="0.002">
    <error type="java.lang.StackOverflowError"><![CDATA[java.lang.StackOverflowError
	at com.example.PotenciaRecursiva.potencia(PotenciaRecursiva.java:6)
	at com.example.PotenciaRecursiva.potencia(PotenciaRecursiva.java:6)
	at com.example.PotenciaRecursiva.potencia(PotenciaRecursiva.java:6)
	at com.example.PotenciaRecursiva.potencia(PotenciaRecursiva.java:6)
	at com.example.PotenciaRecursiva.potencia(PotenciaRecursiva.java:6)
	at com.example.PotenciaRecursiva.potencia(PotenciaRecursiva.java:6)
	at com.example.PotenciaRecursiva.potencia(PotenciaRecursiva.java:6)
	at com.example.PotenciaRecursiva.potencia(PotenciaRecursiva.java:6)
	at com.example.PotenciaRecursiva.potencia(PotenciaRecursiva.java:6)
	at com.example.PotenciaRecursiva.potencia(PotenciaRecursiva.java:6)
	at com.example.PotenciaRecursiva.potencia(PotenciaRecursiva.java:6)
	at com.example.PotenciaRecursiva.potencia(PotenciaRecursiva.java:6)
	at com.example.PotenciaRecursiva.potencia(PotenciaRecursiva.java:6)
	at com.example.PotenciaRecursiva.potencia(PotenciaRecursiva.java:6)
	at com.example.PotenciaRecursiva.potencia(PotenciaRecursiva.java:6)
	at com.example.PotenciaRecursiva.potencia(PotenciaRecursiva.java:6)
	at com.example.PotenciaRecursiva.potencia(PotenciaRecursiva.java:6)
	at com.example.PotenciaRecursiva.potencia(PotenciaRecursiva.java:6)
	at com.example.PotenciaRecursiva.potencia(PotenciaRecursiva.java:6)
	at com.example.PotenciaRecursiva.potencia(PotenciaRecursiva.java:6)
	at com.example.PotenciaRecursiva.potencia(PotenciaRecursiva.java:6)
	at com.example.PotenciaRecursiva.potencia(PotenciaRecursiva.java:6)
	at com.example.PotenciaRecursiva.potencia(PotenciaRecursiva.java:6)
	at com.example.PotenciaRecursiva.potencia(PotenciaRecursiva.java:6)
	at com.example.PotenciaRecursiva.potencia(PotenciaRecursiva.java:6)
	at com.example.PotenciaRecursiva.potencia(PotenciaRecursiva.java:6)
	at com.example.PotenciaRecursiva.potencia(PotenciaRecursiva.java:6)
	at com.example.PotenciaRecursiva.potencia(PotenciaRecursiva.java:6)
	at com.example.PotenciaRecursiva.potencia(PotenciaRecursiva.java:6)
	at com.example.PotenciaRecursiva.potencia(PotenciaRecursiva.java:6)
	at com.example.PotenciaRecursiva.potencia(PotenciaRecursiva.java:6)
	at com.example.PotenciaRecursiva.potencia(PotenciaRecursiva.java:6)
	at com.example.PotenciaRecursiva.potencia(PotenciaRecursiva.java:6)
	at com.example.PotenciaRecursiva.potencia(PotenciaRecursiva.java:6)
	at com.example.PotenciaRecursiva.potencia(PotenciaRecursiva.java:6)
	at com.example.PotenciaRecursiva.potencia(PotenciaRecursiva.java:6)
	at com.example.PotenciaRecursiva.potencia(PotenciaRecursiva.java:6)
	at com.example.PotenciaRecursiva.potencia(PotenciaRecursiva.java:6)
	at com.example.PotenciaRecursiva.potencia(PotenciaRecursiva.java:6)
	at com.example.PotenciaRecursiva.potencia(PotenciaRecursiva.java:6)
	at com.example.PotenciaRecursiva.potencia(PotenciaRecursiva.java:6)
	at com.example.PotenciaRecursiva.potencia(PotenciaRecursiva.java:6)
	at com.example.PotenciaRecursiva.potencia(PotenciaRecursiva.java:6)
	at com.example.PotenciaRecursiva.potencia(PotenciaRecursiva.java:6)
	at com.example.PotenciaRecursiva.potencia(PotenciaRecursiva.java:6)
	at com.example.PotenciaRecursiva.potencia(PotenciaRecursiva.java:6)
	at com.example.PotenciaRecursiva.potencia(PotenciaRecursiva.java:6)
	at com.example.PotenciaRecursiva.potencia(PotenciaRecursiva.java:6)
	at com.example.PotenciaRecursiva.potencia(PotenciaRecursiva.java:6)
	at com.example.PotenciaRecursiva.potencia(PotenciaRecursiva.java:6)
	at com.example.PotenciaRecursiva.potencia(PotenciaRecursiva.java:6)
	at com.example.PotenciaRecursiva.potencia(PotenciaRecursiva.java:6)
	at com.example.PotenciaRecursiva.potencia(PotenciaRecursiva.java:6)
	at com.example.PotenciaRecursiva.potencia(PotenciaRecursiva.java:6)
	at com.example.PotenciaRecursiva.potencia(PotenciaRecursiva.java:6)
	at com.example.PotenciaRecursiva.potencia(PotenciaRecursiva.java:6)
	at com.example.PotenciaRecursiva.potencia(PotenciaRecursiva.java:6)
	at com.example.PotenciaRecursiva.potencia(PotenciaRecursiva.java:6)
	at com.example.PotenciaRecursiva.potencia(PotenciaRecursiva.java:6)
	at com.example.PotenciaRecursiva.potencia(PotenciaRecursiva.java:6)
	at com.example.PotenciaRecursiva.potencia(PotenciaRecursiva.java:6)
	at com.example.PotenciaRecursiva.potencia(PotenciaRecursiva.java:6)
	at com.example.PotenciaRecursiva.potencia(PotenciaRecursiva.java:6)
	at com.example.PotenciaRecursiva.potencia(PotenciaRecursiva.java:6)
	at com.example.PotenciaRecursiva.potencia(PotenciaRecursiva.java:6)
	at com.example.PotenciaRecursiva.potencia(PotenciaRecursiva.java:6)
	at com.example.PotenciaRecursiva.potencia(PotenciaRecursiva.java:6)
	at com.example.PotenciaRecursiva.potencia(PotenciaRecursiva.java:6)
	at com.example.PotenciaRecursiva.potencia(PotenciaRecursiva.java:6)
	at com.example.PotenciaRecursiva.potencia(PotenciaRecursiva.java:6)
	at com.example.PotenciaRecursiva.potencia(PotenciaRecursiva.java:6)
	at com.example.PotenciaRecursiva.potencia(PotenciaRecursiva.java:6)
	at com.example.PotenciaRecursiva.potencia(PotenciaRecursiva.java:6)
	at com.example.PotenciaRecursiva.potencia(PotenciaRecursiva.java:6)
	at com.example.PotenciaRecursiva.potencia(PotenciaRecursiva.java:6)
	at com.example.PotenciaRecursiva.potencia(PotenciaRecursiva.java:6)
	at com.example.PotenciaRecursiva.potencia(PotenciaRecursiva.java:6)
	at com.example.PotenciaRecursiva.potencia(PotenciaRecursiva.java:6)
	at com.example.PotenciaRecursiva.potencia(PotenciaRecursiva.java:6)
	at com.example.PotenciaRecursiva.potencia(PotenciaRecursiva.java:6)
	at com.example.PotenciaRecursiva.potencia(PotenciaRecursiva.java:6)
	at com.example.PotenciaRecursiva.potencia(PotenciaRecursiva.java:6)
	at com.example.PotenciaRecursiva.potencia(PotenciaRecursiva.java:6)
	at com.example.PotenciaRecursiva.potencia(PotenciaRecursiva.java:6)
	at com.example.PotenciaRecursiva.potencia(PotenciaRecursiva.java:6)
	at com.example.PotenciaRecursiva.potencia(PotenciaRecursiva.java:6)
	at com.example.PotenciaRecursiva.potencia(PotenciaRecursiva.java:6)
	at com.example.PotenciaRecursiva.potencia(PotenciaRecursiva.java:6)
	at com.example.PotenciaRecursiva.potencia(PotenciaRecursiva.java:6)
	at com.example.PotenciaRecursiva.potencia(PotenciaRecursiva.java:6)
	at com.example.PotenciaRecursiva.potencia(PotenciaRecursiva.java:6)
	at com.example.PotenciaRecursiva.potencia(PotenciaRecursiva.java:6)
	at com.example.PotenciaRecursiva.potencia(PotenciaRecursiva.java:6)
	at com.example.PotenciaRecursiva.potencia(PotenciaRecursiva.java:6)
	at com.example.PotenciaRecursiva.potencia(PotenciaRecursiva.java:6)
	at com.example.PotenciaRecursiva.potencia(PotenciaRecursiva.java:6)
	at com.example.PotenciaRecursiva.potencia(PotenciaRecursiva.java:6)
	at com.example.PotenciaRecursiva.potencia(PotenciaRecursiva.java:6)
	at com.example.PotenciaRecursiva.potencia(PotenciaRecursiva.java:6)
	at com.example.PotenciaRecursiva.potencia(PotenciaRecursiva.java:6)
	at com.example.PotenciaRecursiva.potencia(PotenciaRecursiva.java:6)
	at com.example.PotenciaRecursiva.potencia(PotenciaRecursiva.java:6)
	at com.example.PotenciaRecursiva.potencia(PotenciaRecursiva.java:6)
	at com.example.PotenciaRecursiva.potencia(PotenciaRecursiva.java:6)
	at com.example.PotenciaRecursiva.potencia(PotenciaRecursiva.java:6)
	at com.example.PotenciaRecursiva.potencia(PotenciaRecursiva.java:6)
	at com.example.PotenciaRecursiva.potencia(PotenciaRecursiva.java:6)
	at com.example.PotenciaRecursiva.potencia(PotenciaRecursiva.java:6)
	at com.example.PotenciaRecursiva.potencia(PotenciaRecursiva.java:6)
	at com.example.PotenciaRecursiva.potencia(PotenciaRecursiva.java:6)
	at com.example.PotenciaRecursiva.potencia(PotenciaRecursiva.java:6)
	at com.example.PotenciaRecursiva.potencia(PotenciaRecursiva.java:6)
	at com.example.PotenciaRecursiva.potencia(PotenciaRecursiva.java:6)
	at com.example.PotenciaRecursiva.potencia(PotenciaRecursiva.java:6)
	at com.example.PotenciaRecursiva.potencia(PotenciaRecursiva.java:6)
	at com.example.PotenciaRecursiva.potencia(PotenciaRecursiva.java:6)
	at com.example.PotenciaRecursiva.potencia(PotenciaRecursiva.java:6)
	at com.example.PotenciaRecursiva.potencia(PotenciaRecursiva.java:6)
	at com.example.PotenciaRecursiva.potencia(PotenciaRecursiva.java:6)
	at com.example.PotenciaRecursiva.potencia(PotenciaRecursiva.java:6)
	at com.example.PotenciaRecursiva.potencia(PotenciaRecursiva.java:6)
	at com.example.PotenciaRecursiva.potencia(PotenciaRecursiva.java:6)
	at com.example.PotenciaRecursiva.potencia(PotenciaRecursiva.java:6)
	at com.example.PotenciaRecursiva.potencia(PotenciaRecursiva.java:6)
	at com.example.PotenciaRecursiva.potencia(PotenciaRecursiva.java:6)
	at com.example.PotenciaRecursiva.potencia(PotenciaRecursiva.java:6)
	at com.example.PotenciaRecursiva.potencia(PotenciaRecursiva.java:6)
	at com.example.PotenciaRecursiva.potencia(PotenciaRecursiva.java:6)
	at com.example.PotenciaRecursiva.potencia(PotenciaRecursiva.java:6)
	at com.example.PotenciaRecursiva.potencia(PotenciaRecursiva.java:6)
	at com.example.PotenciaRecursiva.potencia(PotenciaRecursiva.java:6)
	at com.example.PotenciaRecursiva.potencia(PotenciaRecursiva.java:6)
	at com.example.PotenciaRecursiva.potencia(PotenciaRecursiva.java:6)
	at com.example.PotenciaRecursiva.potencia(PotenciaRecursiva.java:6)
	at com.example.PotenciaRecursiva.potencia(PotenciaRecursiva.java:6)
	at com.example.PotenciaRecursiva.potencia(PotenciaRecursiva.java:6)
	at com.example.PotenciaRecursiva.potencia(PotenciaRecursiva.java:6)
	at com.example.PotenciaRecursiva.potencia(PotenciaRecursiva.java:6)
	at com.example.PotenciaRecursiva.potencia(PotenciaRecursiva.java:6)
	at com.example.PotenciaRecursiva.potencia(PotenciaRecursiva.java:6)
	at com.example.PotenciaRecursiva.potencia(PotenciaRecursiva.java:6)
	at com.example.PotenciaRecursiva.potencia(PotenciaRecursiva.java:6)
	at com.example.PotenciaRecursiva.potencia(PotenciaRecursiva.java:6)
	at com.example.PotenciaRecursiva.potencia(PotenciaRecursiva.java:6)
	at com.example.PotenciaRecursiva.potencia(PotenciaRecursiva.java:6)
	at com.example.PotenciaRecursiva.potencia(PotenciaRecursiva.java:6)
	at com.example.PotenciaRecursiva.potencia(PotenciaRecursiva.java:6)
	at com.example.PotenciaRecursiva.potencia(PotenciaRecursiva.java:6)
	at com.example.PotenciaRecursiva.potencia(PotenciaRecursiva.java:6)
	at com.example.PotenciaRecursiva.potencia(PotenciaRecursiva.java:6)
	at com.example.PotenciaRecursiva.potencia(PotenciaRecursiva.java:6)
	at com.example.PotenciaRecursiva.potencia(PotenciaRecursiva.java:6)
	at com.example.PotenciaRecursiva.potencia(PotenciaRecursiva.java:6)
	at com.example.PotenciaRecursiva.potencia(PotenciaRecursiva.java:6)
	at com.example.PotenciaRecursiva.potencia(PotenciaRecursiva.java:6)
	at com.example.PotenciaRecursiva.potencia(PotenciaRecursiva.java:6)
	at com.example.PotenciaRecursiva.potencia(PotenciaRecursiva.java:6)
	at com.example.PotenciaRecursiva.potencia(PotenciaRecursiva.java:6)
	at com.example.PotenciaRecursiva.potencia(PotenciaRecursiva.java:6)
	at com.example.PotenciaRecursiva.potencia(PotenciaRecursiva.java:6)
	at com.example.PotenciaRecursiva.potencia(PotenciaRecursiva.java:6)
	at com.example.PotenciaRecursiva.potencia(PotenciaRecursiva.java:6)
	at com.example.PotenciaRecursiva.potencia(PotenciaRecursiva.java:6)
	at com.example.PotenciaRecursiva.potencia(PotenciaRecursiva.java:6)
	at com.example.PotenciaRecursiva.potencia(PotenciaRecursiva.java:6)
	at com.example.PotenciaRecursiva.potencia(PotenciaRecursiva.java:6)
	at com.example.PotenciaRecursiva.potencia(PotenciaRecursiva.java:6)
	at com.example.PotenciaRecursiva.potencia(PotenciaRecursiva.java:6)
	at com.example.PotenciaRecursiva.potencia(PotenciaRecursiva.java:6)
	at com.example.PotenciaRecursiva.potencia(PotenciaRecursiva.java:6)
	at com.example.PotenciaRecursiva.potencia(PotenciaRecursiva.java:6)
	at com.example.PotenciaRecursiva.potencia(PotenciaRecursiva.java:6)
	at com.example.PotenciaRecursiva.potencia(PotenciaRecursiva.java:6)
	at com.example.PotenciaRecursiva.potencia(PotenciaRecursiva.java:6)
	at com.example.PotenciaRecursiva.potencia(PotenciaRecursiva.java:6)
	at com.example.PotenciaRecursiva.potencia(PotenciaRecursiva.java:6)
	at com.example.PotenciaRecursiva.potencia(PotenciaRecursiva.java:6)
	at com.example.PotenciaRecursiva.potencia(PotenciaRecursiva.java:6)
	at com.example.PotenciaRecursiva.potencia(PotenciaRecursiva.java:6)
	at com.example.PotenciaRecursiva.potencia(PotenciaRecursiva.java:6)
	at com.example.PotenciaRecursiva.potencia(PotenciaRecursiva.java:6)
	at com.example.PotenciaRecursiva.potencia(PotenciaRecursiva.java:6)
	at com.example.PotenciaRecursiva.potencia(PotenciaRecursiva.java:6)
	at com.example.PotenciaRecursiva.potencia(PotenciaRecursiva.java:6)
	at com.example.PotenciaRecursiva.potencia(PotenciaRecursiva.java:6)
	at com.example.PotenciaRecursiva.potencia(PotenciaRecursiva.java:6)
	at com.example.PotenciaRecursiva.potencia(PotenciaRecursiva.java:6)
	at com.example.PotenciaRecursiva.potencia(PotenciaRecursiva.java:6)
	at com.example.PotenciaRecursiva.potencia(PotenciaRecursiva.java:6)
	at com.example.PotenciaRecursiva.potencia(PotenciaRecursiva.java:6)
	at com.example.PotenciaRecursiva.potencia(PotenciaRecursiva.java:6)
	at com.example.PotenciaRecursiva.potencia(PotenciaRecursiva.java:6)
	at com.example.PotenciaRecursiva.potencia(PotenciaRecursiva.java:6)
	at com.example.PotenciaRecursiva.potencia(PotenciaRecursiva.java:6)
	at com.example.PotenciaRecursiva.potencia(PotenciaRecursiva.java:6)
	at com.example.PotenciaRecursiva.potencia(PotenciaRecursiva.java:6)
	at com.example.PotenciaRecursiva.potencia(PotenciaRecursiva.java:6)
	at com.example.PotenciaRecursiva.potencia(PotenciaRecursiva.java:6)
	at com.example.PotenciaRecursiva.potencia(PotenciaRecursiva.java:6)
	at com.example.PotenciaRecursiva.potencia(PotenciaRecursiva.java:6)
	at com.example.PotenciaRecursiva.potencia(PotenciaRecursiva.java:6)
	at com.example.PotenciaRecursiva.potencia(PotenciaRecursiva.java:6)
	at com.example.PotenciaRecursiva.potencia(PotenciaRecursiva.java:6)
	at com.example.PotenciaRecursiva.potencia(PotenciaRecursiva.java:6)
	at com.example.PotenciaRecursiva.potencia(PotenciaRecursiva.java:6)
	at com.example.PotenciaRecursiva.potencia(PotenciaRecursiva.java:6)
	at com.example.PotenciaRecursiva.potencia(PotenciaRecursiva.java:6)
	at com.example.PotenciaRecursiva.potencia(PotenciaRecursiva.java:6)
	at com.example.PotenciaRecursiva.potencia(PotenciaRecursiva.java:6)
	at com.example.PotenciaRecursiva.potencia(PotenciaRecursiva.java:6)
	at com.example.PotenciaRecursiva.potencia(PotenciaRecursiva.java:6)
	at com.example.PotenciaRecursiva.potencia(PotenciaRecursiva.java:6)
	at com.example.PotenciaRecursiva.potencia(PotenciaRecursiva.java:6)
	at com.example.PotenciaRecursiva.potencia(PotenciaRecursiva.java:6)
	at com.example.PotenciaRecursiva.potencia(PotenciaRecursiva.java:6)
	at com.example.PotenciaRecursiva.potencia(PotenciaRecursiva.java:6)
	at com.example.PotenciaRecursiva.potencia(PotenciaRecursiva.java:6)
	at com.example.PotenciaRecursiva.potencia(PotenciaRecursiva.java:6)
	at com.example.PotenciaRecursiva.potencia(PotenciaRecursiva.java:6)
	at com.example.PotenciaRecursiva.potencia(PotenciaRecursiva.java:6)
	at com.example.PotenciaRecursiva.potencia(PotenciaRecursiva.java:6)
	at com.example.PotenciaRecursiva.potencia(PotenciaRecursiva.java:6)
	at com.example.PotenciaRecursiva.potencia(PotenciaRecursiva.java:6)
	at com.example.PotenciaRecursiva.potencia(PotenciaRecursiva.java:6)
	at com.example.PotenciaRecursiva.potencia(PotenciaRecursiva.java:6)
	at com.example.PotenciaRecursiva.potencia(PotenciaRecursiva.java:6)
	at com.example.PotenciaRecursiva.potencia(PotenciaRecursiva.java:6)
	at com.example.PotenciaRecursiva.potencia(PotenciaRecursiva.java:6)
	at com.example.PotenciaRecursiva.potencia(PotenciaRecursiva.java:6)
	at com.example.PotenciaRecursiva.potencia(PotenciaRecursiva.java:6)
	at com.example.PotenciaRecursiva.potencia(PotenciaRecursiva.java:6)
	at com.example.PotenciaRecursiva.potencia(PotenciaRecursiva.java:6)
	at com.example.PotenciaRecursiva.potencia(PotenciaRecursiva.java:6)
	at com.example.PotenciaRecursiva.potencia(PotenciaRecursiva.java:6)
	at com.example.PotenciaRecursiva.potencia(PotenciaRecursiva.java:6)
	at com.example.PotenciaRecursiva.potencia(PotenciaRecursiva.java:6)
	at com.example.PotenciaRecursiva.potencia(PotenciaRecursiva.java:6)
	at com.example.PotenciaRecursiva.potencia(PotenciaRecursiva.java:6)
	at com.example.PotenciaRecursiva.potencia(PotenciaRecursiva.java:6)
	at com.example.PotenciaRecursiva.potencia(PotenciaRecursiva.java:6)
	at com.example.PotenciaRecursiva.potencia(PotenciaRecursiva.java:6)
	at com.example.PotenciaRecursiva.potencia(PotenciaRecursiva.java:6)
	at com.example.PotenciaRecursiva.potencia(PotenciaRecursiva.java:6)
	at com.example.PotenciaRecursiva.potencia(PotenciaRecursiva.java:6)
	at com.example.PotenciaRecursiva.potencia(PotenciaRecursiva.java:6)
	at com.example.PotenciaRecursiva.potencia(PotenciaRecursiva.java:6)
	at com.example.PotenciaRecursiva.potencia(PotenciaRecursiva.java:6)
	at com.example.PotenciaRecursiva.potencia(PotenciaRecursiva.java:6)
	at com.example.PotenciaRecursiva.potencia(PotenciaRecursiva.java:6)
	at com.example.PotenciaRecursiva.potencia(PotenciaRecursiva.java:6)
	at com.example.PotenciaRecursiva.potencia(PotenciaRecursiva.java:6)
	at com.example.PotenciaRecursiva.potencia(PotenciaRecursiva.java:6)
	at com.example.PotenciaRecursiva.potencia(PotenciaRecursiva.java:6)
	at com.example.PotenciaRecursiva.potencia(PotenciaRecursiva.java:6)
	at com.example.PotenciaRecursiva.potencia(PotenciaRecursiva.java:6)
	at com.example.PotenciaRecursiva.potencia(PotenciaRecursiva.java:6)
	at com.example.PotenciaRecursiva.potencia(PotenciaRecursiva.java:6)
	at com.example.PotenciaRecursiva.potencia(PotenciaRecursiva.java:6)
	at com.example.PotenciaRecursiva.potencia(PotenciaRecursiva.java:6)
	at com.example.PotenciaRecursiva.potencia(PotenciaRecursiva.java:6)
	at com.example.PotenciaRecursiva.potencia(PotenciaRecursiva.java:6)
	at com.example.PotenciaRecursiva.potencia(PotenciaRecursiva.java:6)
	at com.example.PotenciaRecursiva.potencia(PotenciaRecursiva.java:6)
	at com.example.PotenciaRecursiva.potencia(PotenciaRecursiva.java:6)
	at com.example.PotenciaRecursiva.potencia(PotenciaRecursiva.java:6)
	at com.example.PotenciaRecursiva.potencia(PotenciaRecursiva.java:6)
	at com.example.PotenciaRecursiva.potencia(PotenciaRecursiva.java:6)
	at com.example.PotenciaRecursiva.potencia(PotenciaRecursiva.java:6)
	at com.example.PotenciaRecursiva.potencia(PotenciaRecursiva.java:6)
	at com.example.PotenciaRecursiva.potencia(PotenciaRecursiva.java:6)
	at com.example.PotenciaRecursiva.potencia(PotenciaRecursiva.java:6)
	at com.example.PotenciaRecursiva.potencia(PotenciaRecursiva.java:6)
	at com.example.PotenciaRecursiva.potencia(PotenciaRecursiva.java:6)
	at com.example.PotenciaRecursiva.potencia(PotenciaRecursiva.java:6)
	at com.example.PotenciaRecursiva.potencia(PotenciaRecursiva.java:6)
	at com.example.PotenciaRecursiva.potencia(PotenciaRecursiva.java:6)
	at com.example.PotenciaRecursiva.potencia(PotenciaRecursiva.java:6)
	at com.example.PotenciaRecursiva.potencia(PotenciaRecursiva.java:6)
	at com.example.PotenciaRecursiva.potencia(PotenciaRecursiva.java:6)
	at com.example.PotenciaRecursiva.potencia(PotenciaRecursiva.java:6)
	at com.example.PotenciaRecursiva.potencia(PotenciaRecursiva.java:6)
	at com.example.PotenciaRecursiva.potencia(PotenciaRecursiva.java:6)
	at com.example.PotenciaRecursiva.potencia(PotenciaRecursiva.java:6)
	at com.example.PotenciaRecursiva.potencia(PotenciaRecursiva.java:6)
	at com.example.PotenciaRecursiva.potencia(PotenciaRecursiva.java:6)
	at com.example.PotenciaRecursiva.potencia(PotenciaRecursiva.java:6)
	at com.example.PotenciaRecursiva.potencia(PotenciaRecursiva.java:6)
	at com.example.PotenciaRecursiva.potencia(PotenciaRecursiva.java:6)
	at com.example.PotenciaRecursiva.potencia(PotenciaRecursiva.java:6)
	at com.example.PotenciaRecursiva.potencia(PotenciaRecursiva.java:6)
	at com.example.PotenciaRecursiva.potencia(PotenciaRecursiva.java:6)
	at com.example.PotenciaRecursiva.potencia(PotenciaRecursiva.java:6)
	at com.example.PotenciaRecursiva.potencia(PotenciaRecursiva.java:6)
	at com.example.PotenciaRecursiva.potencia(PotenciaRecursiva.java:6)
	at com.example.PotenciaRecursiva.potencia(PotenciaRecursiva.java:6)
	at com.example.PotenciaRecursiva.potencia(PotenciaRecursiva.java:6)
	at com.example.PotenciaRecursiva.potencia(PotenciaRecursiva.java:6)
	at com.example.PotenciaRecursiva.potencia(PotenciaRecursiva.java:6)
	at com.example.PotenciaRecursiva.potencia(PotenciaRecursiva.java:6)
	at com.example.PotenciaRecursiva.potencia(PotenciaRecursiva.java:6)
	at com.example.PotenciaRecursiva.potencia(PotenciaRecursiva.java:6)
	at com.example.PotenciaRecursiva.potencia(PotenciaRecursiva.java:6)
	at com.example.PotenciaRecursiva.potencia(PotenciaRecursiva.java:6)
	at com.example.PotenciaRecursiva.potencia(PotenciaRecursiva.java:6)
	at com.example.PotenciaRecursiva.potencia(PotenciaRecursiva.java:6)
	at com.example.PotenciaRecursiva.potencia(PotenciaRecursiva.java:6)
	at com.example.PotenciaRecursiva.potencia(PotenciaRecursiva.java:6)
	at com.example.PotenciaRecursiva.potencia(PotenciaRecursiva.java:6)
	at com.example.PotenciaRecursiva.potencia(PotenciaRecursiva.java:6)
	at com.example.PotenciaRecursiva.potencia(PotenciaRecursiva.java:6)
	at com.example.PotenciaRecursiva.potencia(PotenciaRecursiva.java:6)
	at com.example.PotenciaRecursiva.potencia(PotenciaRecursiva.java:6)
	at com.example.PotenciaRecursiva.potencia(PotenciaRecursiva.java:6)
	at com.example.PotenciaRecursiva.potencia(PotenciaRecursiva.java:6)
	at com.example.PotenciaRecursiva.potencia(PotenciaRecursiva.java:6)
	at com.example.PotenciaRecursiva.potencia(PotenciaRecursiva.java:6)
	at com.example.PotenciaRecursiva.potencia(PotenciaRecursiva.java:6)
	at com.example.PotenciaRecursiva.potencia(PotenciaRecursiva.java:6)
	at com.example.PotenciaRecursiva.potencia(PotenciaRecursiva.java:6)
	at com.example.PotenciaRecursiva.potencia(PotenciaRecursiva.java:6)
	at com.example.PotenciaRecursiva.potencia(PotenciaRecursiva.java:6)
	at com.example.PotenciaRecursiva.potencia(PotenciaRecursiva.java:6)
	at com.example.PotenciaRecursiva.potencia(PotenciaRecursiva.java:6)
	at com.example.PotenciaRecursiva.potencia(PotenciaRecursiva.java:6)
	at com.example.PotenciaRecursiva.potencia(PotenciaRecursiva.java:6)
	at com.example.PotenciaRecursiva.potencia(PotenciaRecursiva.java:6)
	at com.example.PotenciaRecursiva.potencia(PotenciaRecursiva.java:6)
	at com.example.PotenciaRecursiva.potencia(PotenciaRecursiva.java:6)
	at com.example.PotenciaRecursiva.potencia(PotenciaRecursiva.java:6)
	at com.example.PotenciaRecursiva.potencia(PotenciaRecursiva.java:6)
	at com.example.PotenciaRecursiva.potencia(PotenciaRecursiva.java:6)
	at com.example.PotenciaRecursiva.potencia(PotenciaRecursiva.java:6)
	at com.example.PotenciaRecursiva.potencia(PotenciaRecursiva.java:6)
	at com.example.PotenciaRecursiva.potencia(PotenciaRecursiva.java:6)
	at com.example.PotenciaRecursiva.potencia(PotenciaRecursiva.java:6)
	at com.example.PotenciaRecursiva.potencia(PotenciaRecursiva.java:6)
	at com.example.PotenciaRecursiva.potencia(PotenciaRecursiva.java:6)
	at com.example.PotenciaRecursiva.potencia(PotenciaRecursiva.java:6)
	at com.example.PotenciaRecursiva.potencia(PotenciaRecursiva.java:6)
	at com.example.PotenciaRecursiva.potencia(PotenciaRecursiva.java:6)
	at com.example.PotenciaRecursiva.potencia(PotenciaRecursiva.java:6)
	at com.example.PotenciaRecursiva.potencia(PotenciaRecursiva.java:6)
	at com.example.PotenciaRecursiva.potencia(PotenciaRecursiva.java:6)
	at com.example.PotenciaRecursiva.potencia(PotenciaRecursiva.java:6)
	at com.example.PotenciaRecursiva.potencia(PotenciaRecursiva.java:6)
	at com.example.PotenciaRecursiva.potencia(PotenciaRecursiva.java:6)
	at com.example.PotenciaRecursiva.potencia(PotenciaRecursiva.java:6)
	at com.example.PotenciaRecursiva.potencia(PotenciaRecursiva.java:6)
	at com.example.PotenciaRecursiva.potencia(PotenciaRecursiva.java:6)
	at com.example.PotenciaRecursiva.potencia(PotenciaRecursiva.java:6)
	at com.example.PotenciaRecursiva.potencia(PotenciaRecursiva.java:6)
	at com.example.PotenciaRecursiva.potencia(PotenciaRecursiva.java:6)
	at com.example.PotenciaRecursiva.potencia(PotenciaRecursiva.java:6)
	at com.example.PotenciaRecursiva.potencia(PotenciaRecursiva.java:6)
	at com.example.PotenciaRecursiva.potencia(PotenciaRecursiva.java:6)
	at com.example.PotenciaRecursiva.potencia(PotenciaRecursiva.java:6)
	at com.example.PotenciaRecursiva.potencia(PotenciaRecursiva.java:6)
	at com.example.PotenciaRecursiva.potencia(PotenciaRecursiva.java:6)
	at com.example.PotenciaRecursiva.potencia(PotenciaRecursiva.java:6)
	at com.example.PotenciaRecursiva.potencia(PotenciaRecursiva.java:6)
	at com.example.PotenciaRecursiva.potencia(PotenciaRecursiva.java:6)
	at com.example.PotenciaRecursiva.potencia(PotenciaRecursiva.java:6)
	at com.example.PotenciaRecursiva.potencia(PotenciaRecursiva.java:6)
	at com.example.PotenciaRecursiva.potencia(PotenciaRecursiva.java:6)
	at com.example.PotenciaRecursiva.potencia(PotenciaRecursiva.java:6)
	at com.example.PotenciaRecursiva.potencia(PotenciaRecursiva.java:6)
	at com.example.PotenciaRecursiva.potencia(PotenciaRecursiva.java:6)
	at com.example.PotenciaRecursiva.potencia(PotenciaRecursiva.java:6)
	at com.example.PotenciaRecursiva.potencia(PotenciaRecursiva.java:6)
	at com.example.PotenciaRecursiva.potencia(PotenciaRecursiva.java:6)
	at com.example.PotenciaRecursiva.potencia(PotenciaRecursiva.java:6)
	at com.example.PotenciaRecursiva.potencia(PotenciaRecursiva.java:6)
	at com.example.PotenciaRecursiva.potencia(PotenciaRecursiva.java:6)
	at com.example.PotenciaRecursiva.potencia(PotenciaRecursiva.java:6)
	at com.example.PotenciaRecursiva.potencia(PotenciaRecursiva.java:6)
	at com.example.PotenciaRecursiva.potencia(PotenciaRecursiva.java:6)
	at com.example.PotenciaRecursiva.potencia(PotenciaRecursiva.java:6)
	at com.example.PotenciaRecursiva.potencia(PotenciaRecursiva.java:6)
	at com.example.PotenciaRecursiva.potencia(PotenciaRecursiva.java:6)
	at com.example.PotenciaRecursiva.potencia(PotenciaRecursiva.java:6)
	at com.example.PotenciaRecursiva.potencia(PotenciaRecursiva.java:6)
	at com.example.PotenciaRecursiva.potencia(PotenciaRecursiva.java:6)
	at com.example.PotenciaRecursiva.potencia(PotenciaRecursiva.java:6)
	at com.example.PotenciaRecursiva.potencia(PotenciaRecursiva.java:6)
	at com.example.PotenciaRecursiva.potencia(PotenciaRecursiva.java:6)
	at com.example.PotenciaRecursiva.potencia(PotenciaRecursiva.java:6)
	at com.example.PotenciaRecursiva.potencia(PotenciaRecursiva.java:6)
	at com.example.PotenciaRecursiva.potencia(PotenciaRecursiva.java:6)
	at com.example.PotenciaRecursiva.potencia(PotenciaRecursiva.java:6)
	at com.example.PotenciaRecursiva.potencia(PotenciaRecursiva.java:6)
	at com.example.PotenciaRecursiva.potencia(PotenciaRecursiva.java:6)
	at com.example.PotenciaRecursiva.potencia(PotenciaRecursiva.java:6)
	at com.example.PotenciaRecursiva.potencia(PotenciaRecursiva.java:6)
	at com.example.PotenciaRecursiva.potencia(PotenciaRecursiva.java:6)
	at com.example.PotenciaRecursiva.potencia(PotenciaRecursiva.java:6)
	at com.example.PotenciaRecursiva.potencia(PotenciaRecursiva.java:6)
	at com.example.PotenciaRecursiva.potencia(PotenciaRecursiva.java:6)
	at com.example.PotenciaRecursiva.potencia(PotenciaRecursiva.java:6)
	at com.example.PotenciaRecursiva.potencia(PotenciaRecursiva.java:6)
	at com.example.PotenciaRecursiva.potencia(PotenciaRecursiva.java:6)
	at com.example.PotenciaRecursiva.potencia(PotenciaRecursiva.java:6)
	at com.example.PotenciaRecursiva.potencia(PotenciaRecursiva.java:6)
	at com.example.PotenciaRecursiva.potencia(PotenciaRecursiva.java:6)
	at com.example.PotenciaRecursiva.potencia(PotenciaRecursiva.java:6)
	at com.example.PotenciaRecursiva.potencia(PotenciaRecursiva.java:6)
	at com.example.PotenciaRecursiva.potencia(PotenciaRecursiva.java:6)
	at com.example.PotenciaRecursiva.potencia(PotenciaRecursiva.java:6)
	at com.example.PotenciaRecursiva.potencia(PotenciaRecursiva.java:6)
	at com.example.PotenciaRecursiva.potencia(PotenciaRecursiva.java:6)
	at com.example.PotenciaRecursiva.potencia(PotenciaRecursiva.java:6)
	at com.example.PotenciaRecursiva.potencia(PotenciaRecursiva.java:6)
	at com.example.PotenciaRecursiva.potencia(PotenciaRecursiva.java:6)
	at com.example.PotenciaRecursiva.potencia(PotenciaRecursiva.java:6)
	at com.example.PotenciaRecursiva.potencia(PotenciaRecursiva.java:6)
	at com.example.PotenciaRecursiva.potencia(PotenciaRecursiva.java:6)
	at com.example.PotenciaRecursiva.potencia(PotenciaRecursiva.java:6)
	at com.example.PotenciaRecursiva.potencia(PotenciaRecursiva.java:6)
	at com.example.PotenciaRecursiva.potencia(PotenciaRecursiva.java:6)
	at com.example.PotenciaRecursiva.potencia(PotenciaRecursiva.java:6)
	at com.example.PotenciaRecursiva.potencia(PotenciaRecursiva.java:6)
	at com.example.PotenciaRecursiva.potencia(PotenciaRecursiva.java:6)
	at com.example.PotenciaRecursiva.potencia(PotenciaRecursiva.java:6)
	at com.example.PotenciaRecursiva.potencia(PotenciaRecursiva.java:6)
	at com.example.PotenciaRecursiva.potencia(PotenciaRecursiva.java:6)
	at com.example.PotenciaRecursiva.potencia(PotenciaRecursiva.java:6)
	at com.example.PotenciaRecursiva.potencia(PotenciaRecursiva.java:6)
	at com.example.PotenciaRecursiva.potencia(PotenciaRecursiva.java:6)
	at com.example.PotenciaRecursiva.potencia(PotenciaRecursiva.java:6)
	at com.example.PotenciaRecursiva.potencia(PotenciaRecursiva.java:6)
	at com.example.PotenciaRecursiva.potencia(PotenciaRecursiva.java:6)
	at com.example.PotenciaRecursiva.potencia(PotenciaRecursiva.java:6)
	at com.example.PotenciaRecursiva.potencia(PotenciaRecursiva.java:6)
	at com.example.PotenciaRecursiva.potencia(PotenciaRecursiva.java:6)
	at com.example.PotenciaRecursiva.potencia(PotenciaRecursiva.java:6)
	at com.example.PotenciaRecursiva.potencia(PotenciaRecursiva.java:6)
	at com.example.PotenciaRecursiva.potencia(PotenciaRecursiva.java:6)
	at com.example.PotenciaRecursiva.potencia(PotenciaRecursiva.java:6)
	at com.example.PotenciaRecursiva.potencia(PotenciaRecursiva.java:6)
	at com.example.PotenciaRecursiva.potencia(PotenciaRecursiva.java:6)
	at com.example.PotenciaRecursiva.potencia(PotenciaRecursiva.java:6)
	at com.example.PotenciaRecursiva.potencia(PotenciaRecursiva.java:6)
	at com.example.PotenciaRecursiva.potencia(PotenciaRecursiva.java:6)
	at com.example.PotenciaRecursiva.potencia(PotenciaRecursiva.java:6)
	at com.example.PotenciaRecursiva.potencia(PotenciaRecursiva.java:6)
	at com.example.PotenciaRecursiva.potencia(PotenciaRecursiva.java:6)
	at com.example.PotenciaRecursiva.potencia(PotenciaRecursiva.java:6)
	at com.example.PotenciaRecursiva.potencia(PotenciaRecursiva.java:6)
	at com.example.PotenciaRecursiva.potencia(PotenciaRecursiva.java:6)
	at com.example.PotenciaRecursiva.potencia(PotenciaRecursiva.java:6)
	at com.example.PotenciaRecursiva.potencia(PotenciaRecursiva.java:6)
	at com.example.PotenciaRecursiva.potencia(PotenciaRecursiva.java:6)
	at com.example.PotenciaRecursiva.potencia(PotenciaRecursiva.java:6)
	at com.example.PotenciaRecursiva.potencia(PotenciaRecursiva.java:6)
	at com.example.PotenciaRecursiva.potencia(PotenciaRecursiva.java:6)
	at com.example.PotenciaRecursiva.potencia(PotenciaRecursiva.java:6)
	at com.example.PotenciaRecursiva.potencia(PotenciaRecursiva.java:6)
	at com.example.PotenciaRecursiva.potencia(PotenciaRecursiva.java:6)
	at com.example.PotenciaRecursiva.potencia(PotenciaRecursiva.java:6)
	at com.example.PotenciaRecursiva.potencia(PotenciaRecursiva.java:6)
	at com.example.PotenciaRecursiva.potencia(PotenciaRecursiva.java:6)
	at com.example.PotenciaRecursiva.potencia(PotenciaRecursiva.java:6)
	at com.example.PotenciaRecursiva.potencia(PotenciaRecursiva.java:6)
	at com.example.PotenciaRecursiva.potencia(PotenciaRecursiva.java:6)
	at com.example.PotenciaRecursiva.potencia(PotenciaRecursiva.java:6)
	at com.example.PotenciaRecursiva.potencia(PotenciaRecursiva.java:6)
	at com.example.PotenciaRecursiva.potencia(PotenciaRecursiva.java:6)
	at com.example.PotenciaRecursiva.potencia(PotenciaRecursiva.java:6)
	at com.example.PotenciaRecursiva.potencia(PotenciaRecursiva.java:6)
	at com.example.PotenciaRecursiva.potencia(PotenciaRecursiva.java:6)
	at com.example.PotenciaRecursiva.potencia(PotenciaRecursiva.java:6)
	at com.example.PotenciaRecursiva.potencia(PotenciaRecursiva.java:6)
	at com.example.PotenciaRecursiva.potencia(PotenciaRecursiva.java:6)
	at com.example.PotenciaRecursiva.potencia(PotenciaRecursiva.java:6)
	at com.example.PotenciaRecursiva.potencia(PotenciaRecursiva.java:6)
	at com.example.PotenciaRecursiva.potencia(PotenciaRecursiva.java:6)
	at com.example.PotenciaRecursiva.potencia(PotenciaRecursiva.java:6)
	at com.example.PotenciaRecursiva.potencia(PotenciaRecursiva.java:6)
	at com.example.PotenciaRecursiva.potencia(PotenciaRecursiva.java:6)
	at com.example.PotenciaRecursiva.potencia(PotenciaRecursiva.java:6)
	at com.example.PotenciaRecursiva.potencia(PotenciaRecursiva.java:6)
	at com.example.PotenciaRecursiva.potencia(PotenciaRecursiva.java:6)
	at com.example.PotenciaRecursiva.potencia(PotenciaRecursiva.java:6)
	at com.example.PotenciaRecursiva.potencia(PotenciaRecursiva.java:6)
	at com.example.PotenciaRecursiva.potencia(PotenciaRecursiva.java:6)
	at com.example.PotenciaRecursiva.potencia(PotenciaRecursiva.java:6)
	at com.example.PotenciaRecursiva.potencia(PotenciaRecursiva.java:6)
	at com.example.PotenciaRecursiva.potencia(PotenciaRecursiva.java:6)
	at com.example.PotenciaRecursiva.potencia(PotenciaRecursiva.java:6)
	at com.example.PotenciaRecursiva.potencia(PotenciaRecursiva.java:6)
	at com.example.PotenciaRecursiva.potencia(PotenciaRecursiva.java:6)
	at com.example.PotenciaRecursiva.potencia(PotenciaRecursiva.java:6)
	at com.example.PotenciaRecursiva.potencia(PotenciaRecursiva.java:6)
	at com.example.PotenciaRecursiva.potencia(PotenciaRecursiva.java:6)
	at com.example.PotenciaRecursiva.potencia(PotenciaRecursiva.java:6)
	at com.example.PotenciaRecursiva.potencia(PotenciaRecursiva.java:6)
	at com.example.PotenciaRecursiva.potencia(PotenciaRecursiva.java:6)
	at com.example.PotenciaRecursiva.potencia(PotenciaRecursiva.java:6)
	at com.example.PotenciaRecursiva.potencia(PotenciaRecursiva.java:6)
	at com.example.PotenciaRecursiva.potencia(PotenciaRecursiva.java:6)
	at com.example.PotenciaRecursiva.potencia(PotenciaRecursiva.java:6)
	at com.example.PotenciaRecursiva.potencia(PotenciaRecursiva.java:6)
	at com.example.PotenciaRecursiva.potencia(PotenciaRecursiva.java:6)
	at com.example.PotenciaRecursiva.potencia(PotenciaRecursiva.java:6)
	at com.example.PotenciaRecursiva.potencia(PotenciaRecursiva.java:6)
	at com.example.PotenciaRecursiva.potencia(PotenciaRecursiva.java:6)
	at com.example.PotenciaRecursiva.potencia(PotenciaRecursiva.java:6)
	at com.example.PotenciaRecursiva.potencia(PotenciaRecursiva.java:6)
	at com.example.PotenciaRecursiva.potencia(PotenciaRecursiva.java:6)
	at com.example.PotenciaRecursiva.potencia(PotenciaRecursiva.java:6)
	at com.example.PotenciaRecursiva.potencia(PotenciaRecursiva.java:6)
	at com.example.PotenciaRecursiva.potencia(PotenciaRecursiva.java:6)
	at com.example.PotenciaRecursiva.potencia(PotenciaRecursiva.java:6)
	at com.example.PotenciaRecursiva.potencia(PotenciaRecursiva.java:6)
	at com.example.PotenciaRecursiva.potencia(PotenciaRecursiva.java:6)
	at com.example.PotenciaRecursiva.potencia(PotenciaRecursiva.java:6)
	at com.example.PotenciaRecursiva.potencia(PotenciaRecursiva.java:6)
	at com.example.PotenciaRecursiva.potencia(PotenciaRecursiva.java:6)
	at com.example.PotenciaRecursiva.potencia(PotenciaRecursiva.java:6)
	at com.example.PotenciaRecursiva.potencia(PotenciaRecursiva.java:6)
	at com.example.PotenciaRecursiva.potencia(PotenciaRecursiva.java:6)
	at com.example.PotenciaRecursiva.potencia(PotenciaRecursiva.java:6)
	at com.example.PotenciaRecursiva.potencia(PotenciaRecursiva.java:6)
	at com.example.PotenciaRecursiva.potencia(PotenciaRecursiva.java:6)
	at com.example.PotenciaRecursiva.potencia(PotenciaRecursiva.java:6)
	at com.example.PotenciaRecursiva.potencia(PotenciaRecursiva.java:6)
	at com.example.PotenciaRecursiva.potencia(PotenciaRecursiva.java:6)
	at com.example.PotenciaRecursiva.potencia(PotenciaRecursiva.java:6)
	at com.example.PotenciaRecursiva.potencia(PotenciaRecursiva.java:6)
	at com.example.PotenciaRecursiva.potencia(PotenciaRecursiva.java:6)
	at com.example.PotenciaRecursiva.potencia(PotenciaRecursiva.java:6)
	at com.example.PotenciaRecursiva.potencia(PotenciaRecursiva.java:6)
	at com.example.PotenciaRecursiva.potencia(PotenciaRecursiva.java:6)
	at com.example.PotenciaRecursiva.potencia(PotenciaRecursiva.java:6)
	at com.example.PotenciaRecursiva.potencia(PotenciaRecursiva.java:6)
	at com.example.PotenciaRecursiva.potencia(PotenciaRecursiva.java:6)
	at com.example.PotenciaRecursiva.potencia(PotenciaRecursiva.java:6)
	at com.example.PotenciaRecursiva.potencia(PotenciaRecursiva.java:6)
	at com.example.PotenciaRecursiva.potencia(PotenciaRecursiva.java:6)
	at com.example.PotenciaRecursiva.potencia(PotenciaRecursiva.java:6)
	at com.example.PotenciaRecursiva.potencia(PotenciaRecursiva.java:6)
	at com.example.PotenciaRecursiva.potencia(PotenciaRecursiva.java:6)
	at com.example.PotenciaRecursiva.potencia(PotenciaRecursiva.java:6)
	at com.example.PotenciaRecursiva.potencia(PotenciaRecursiva.java:6)
	at com.example.PotenciaRecursiva.potencia(PotenciaRecursiva.java:6)
	at com.example.PotenciaRecursiva.potencia(PotenciaRecursiva.java:6)
	at com.example.PotenciaRecursiva.potencia(PotenciaRecursiva.java:6)
	at com.example.PotenciaRecursiva.potencia(PotenciaRecursiva.java:6)
	at com.example.PotenciaRecursiva.potencia(PotenciaRecursiva.java:6)
	at com.example.PotenciaRecursiva.potencia(PotenciaRecursiva.java:6)
	at com.example.PotenciaRecursiva.potencia(PotenciaRecursiva.java:6)
	at com.example.PotenciaRecursiva.potencia(PotenciaRecursiva.java:6)
	at com.example.PotenciaRecursiva.potencia(PotenciaRecursiva.java:6)
	at com.example.PotenciaRecursiva.potencia(PotenciaRecursiva.java:6)
	at com.example.PotenciaRecursiva.potencia(PotenciaRecursiva.java:6)
	at com.example.PotenciaRecursiva.potencia(PotenciaRecursiva.java:6)
	at com.example.PotenciaRecursiva.potencia(PotenciaRecursiva.java:6)
	at com.example.PotenciaRecursiva.potencia(PotenciaRecursiva.java:6)
	at com.example.PotenciaRecursiva.potencia(PotenciaRecursiva.java:6)
	at com.example.PotenciaRecursiva.potencia(PotenciaRecursiva.java:6)
	at com.example.PotenciaRecursiva.potencia(PotenciaRecursiva.java:6)
	at com.example.PotenciaRecursiva.potencia(PotenciaRecursiva.java:6)
	at com.example.PotenciaRecursiva.potencia(PotenciaRecursiva.java:6)
	at com.example.PotenciaRecursiva.potencia(PotenciaRecursiva.java:6)
	at com.example.PotenciaRecursiva.potencia(PotenciaRecursiva.java:6)
	at com.example.PotenciaRecursiva.potencia(PotenciaRecursiva.java:6)
	at com.example.PotenciaRecursiva.potencia(PotenciaRecursiva.java:6)
	at com.example.PotenciaRecursiva.potencia(PotenciaRecursiva.java:6)
	at com.example.PotenciaRecursiva.potencia(PotenciaRecursiva.java:6)
	at com.example.PotenciaRecursiva.potencia(PotenciaRecursiva.java:6)
	at com.example.PotenciaRecursiva.potencia(PotenciaRecursiva.java:6)
	at com.example.PotenciaRecursiva.potencia(PotenciaRecursiva.java:6)
	at com.example.PotenciaRecursiva.potencia(PotenciaRecursiva.java:6)
	at com.example.PotenciaRecursiva.potencia(PotenciaRecursiva.java:6)
	at com.example.PotenciaRecursiva.potencia(PotenciaRecursiva.java:6)
	at com.example.PotenciaRecursiva.potencia(PotenciaRecursiva.java:6)
	at com.example.PotenciaRecursiva.potencia(PotenciaRecursiva.java:6)
	at com.example.PotenciaRecursiva.potencia(PotenciaRecursiva.java:6)
	at com.example.PotenciaRecursiva.potencia(PotenciaRecursiva.java:6)
	at com.example.PotenciaRecursiva.potencia(PotenciaRecursiva.java:6)
	at com.example.PotenciaRecursiva.potencia(PotenciaRecursiva.java:6)
	at com.example.PotenciaRecursiva.potencia(PotenciaRecursiva.java:6)
	at com.example.PotenciaRecursiva.potencia(PotenciaRecursiva.java:6)
	at com.example.PotenciaRecursiva.potencia(PotenciaRecursiva.java:6)
	at com.example.PotenciaRecursiva.potencia(PotenciaRecursiva.java:6)
	at com.example.PotenciaRecursiva.potencia(PotenciaRecursiva.java:6)
	at com.example.PotenciaRecursiva.potencia(PotenciaRecursiva.java:6)
	at com.example.PotenciaRecursiva.potencia(PotenciaRecursiva.java:6)
	at com.example.PotenciaRecursiva.potencia(PotenciaRecursiva.java:6)
	at com.example.PotenciaRecursiva.potencia(PotenciaRecursiva.java:6)
	at com.example.PotenciaRecursiva.potencia(PotenciaRecursiva.java:6)
	at com.example.PotenciaRecursiva.potencia(PotenciaRecursiva.java:6)
	at com.example.PotenciaRecursiva.potencia(PotenciaRecursiva.java:6)
	at com.example.PotenciaRecursiva.potencia(PotenciaRecursiva.java:6)
	at com.example.PotenciaRecursiva.potencia(PotenciaRecursiva.java:6)
	at com.example.PotenciaRecursiva.potencia(PotenciaRecursiva.java:6)
	at com.example.PotenciaRecursiva.potencia(PotenciaRecursiva.java:6)
	at com.example.PotenciaRecursiva.potencia(PotenciaRecursiva.java:6)
	at com.example.PotenciaRecursiva.potencia(PotenciaRecursiva.java:6)
	at com.example.PotenciaRecursiva.potencia(PotenciaRecursiva.java:6)
	at com.example.PotenciaRecursiva.potencia(PotenciaRecursiva.java:6)
	at com.example.PotenciaRecursiva.potencia(PotenciaRecursiva.java:6)
	at com.example.PotenciaRecursiva.potencia(PotenciaRecursiva.java:6)
	at com.example.PotenciaRecursiva.potencia(PotenciaRecursiva.java:6)
	at com.example.PotenciaRecursiva.potencia(PotenciaRecursiva.java:6)
	at com.example.PotenciaRecursiva.potencia(PotenciaRecursiva.java:6)
	at com.example.PotenciaRecursiva.potencia(PotenciaRecursiva.java:6)
	at com.example.PotenciaRecursiva.potencia(PotenciaRecursiva.java:6)
	at com.example.PotenciaRecursiva.potencia(PotenciaRecursiva.java:6)
	at com.example.PotenciaRecursiva.potencia(PotenciaRecursiva.java:6)
	at com.example.PotenciaRecursiva.potencia(PotenciaRecursiva.java:6)
	at com.example.PotenciaRecursiva.potencia(PotenciaRecursiva.java:6)
	at com.example.PotenciaRecursiva.potencia(PotenciaRecursiva.java:6)
	at com.example.PotenciaRecursiva.potencia(PotenciaRecursiva.java:6)
	at com.example.PotenciaRecursiva.potencia(PotenciaRecursiva.java:6)
	at com.example.PotenciaRecursiva.potencia(PotenciaRecursiva.java:6)
	at com.example.PotenciaRecursiva.potencia(PotenciaRecursiva.java:6)
	at com.example.PotenciaRecursiva.potencia(PotenciaRecursiva.java:6)
	at com.example.PotenciaRecursiva.potencia(PotenciaRecursiva.java:6)
	at com.example.PotenciaRecursiva.potencia(PotenciaRecursiva.java:6)
	at com.example.PotenciaRecursiva.potencia(PotenciaRecursiva.java:6)
	at com.example.PotenciaRecursiva.potencia(PotenciaRecursiva.java:6)
	at com.example.PotenciaRecursiva.potencia(PotenciaRecursiva.java:6)
	at com.example.PotenciaRecursiva.potencia(PotenciaRecursiva.java:6)
	at com.example.PotenciaRecursiva.potencia(PotenciaRecursiva.java:6)
	at com.example.PotenciaRecursiva.potencia(PotenciaRecursiva.java:6)
	at com.example.PotenciaRecursiva.potencia(PotenciaRecursiva.java:6)
	at com.example.PotenciaRecursiva.potencia(PotenciaRecursiva.java:6)
	at com.example.PotenciaRecursiva.potencia(PotenciaRecursiva.java:6)
	at com.example.PotenciaRecursiva.potencia(PotenciaRecursiva.java:6)
	at com.example.PotenciaRecursiva.potencia(PotenciaRecursiva.java:6)
	at com.example.PotenciaRecursiva.potencia(PotenciaRecursiva.java:6)
	at com.example.PotenciaRecursiva.potencia(PotenciaRecursiva.java:6)
	at com.example.PotenciaRecursiva.potencia(PotenciaRecursiva.java:6)
	at com.example.PotenciaRecursiva.potencia(PotenciaRecursiva.java:6)
	at com.example.PotenciaRecursiva.potencia(PotenciaRecursiva.java:6)
	at com.example.PotenciaRecursiva.potencia(PotenciaRecursiva.java:6)
	at com.example.PotenciaRecursiva.potencia(PotenciaRecursiva.java:6)
	at com.example.PotenciaRecursiva.potencia(PotenciaRecursiva.java:6)
	at com.example.PotenciaRecursiva.potencia(PotenciaRecursiva.java:6)
	at com.example.PotenciaRecursiva.potencia(PotenciaRecursiva.java:6)
	at com.example.PotenciaRecursiva.potencia(PotenciaRecursiva.java:6)
	at com.example.PotenciaRecursiva.potencia(PotenciaRecursiva.java:6)
	at com.example.PotenciaRecursiva.potencia(PotenciaRecursiva.java:6)
	at com.example.PotenciaRecursiva.potencia(PotenciaRecursiva.java:6)
	at com.example.PotenciaRecursiva.potencia(PotenciaRecursiva.java:6)
	at com.example.PotenciaRecursiva.potencia(PotenciaRecursiva.java:6)
	at com.example.PotenciaRecursiva.potencia(PotenciaRecursiva.java:6)
	at com.example.PotenciaRecursiva.potencia(PotenciaRecursiva.java:6)
	at com.example.PotenciaRecursiva.potencia(PotenciaRecursiva.java:6)
	at com.example.PotenciaRecursiva.potencia(PotenciaRecursiva.java:6)
	at com.example.PotenciaRecursiva.potencia(PotenciaRecursiva.java:6)
	at com.example.PotenciaRecursiva.potencia(PotenciaRecursiva.java:6)
	at com.example.PotenciaRecursiva.potencia(PotenciaRecursiva.java:6)
	at com.example.PotenciaRecursiva.potencia(PotenciaRecursiva.java:6)
	at com.example.PotenciaRecursiva.potencia(PotenciaRecursiva.java:6)
	at com.example.PotenciaRecursiva.potencia(PotenciaRecursiva.java:6)
	at com.example.PotenciaRecursiva.potencia(PotenciaRecursiva.java:6)
	at com.example.PotenciaRecursiva.potencia(PotenciaRecursiva.java:6)
	at com.example.PotenciaRecursiva.potencia(PotenciaRecursiva.java:6)
	at com.example.PotenciaRecursiva.potencia(PotenciaRecursiva.java:6)
	at com.example.PotenciaRecursiva.potencia(PotenciaRecursiva.java:6)
	at com.example.PotenciaRecursiva.potencia(PotenciaRecursiva.java:6)
	at com.example.PotenciaRecursiva.potencia(PotenciaRecursiva.java:6)
	at com.example.PotenciaRecursiva.potencia(PotenciaRecursiva.java:6)
	at com.example.PotenciaRecursiva.potencia(PotenciaRecursiva.java:6)
	at com.example.PotenciaRecursiva.potencia(PotenciaRecursiva.java:6)
	at com.example.PotenciaRecursiva.potencia(PotenciaRecursiva.java:6)
	at com.example.PotenciaRecursiva.potencia(PotenciaRecursiva.java:6)
	at com.example.PotenciaRecursiva.potencia(PotenciaRecursiva.java:6)
	at com.example.PotenciaRecursiva.potencia(PotenciaRecursiva.java:6)
	at com.example.PotenciaRecursiva.potencia(PotenciaRecursiva.java:6)
	at com.example.PotenciaRecursiva.potencia(PotenciaRecursiva.java:6)
	at com.example.PotenciaRecursiva.potencia(PotenciaRecursiva.java:6)
	at com.example.PotenciaRecursiva.potencia(PotenciaRecursiva.java:6)
	at com.example.PotenciaRecursiva.potencia(PotenciaRecursiva.java:6)
	at com.example.PotenciaRecursiva.potencia(PotenciaRecursiva.java:6)
	at com.example.PotenciaRecursiva.potencia(PotenciaRecursiva.java:6)
	at com.example.PotenciaRecursiva.potencia(PotenciaRecursiva.java:6)
	at com.example.PotenciaRecursiva.potencia(PotenciaRecursiva.java:6)
	at com.example.PotenciaRecursiva.potencia(PotenciaRecursiva.java:6)
	at com.example.PotenciaRecursiva.potencia(PotenciaRecursiva.java:6)
	at com.example.PotenciaRecursiva.potencia(PotenciaRecursiva.java:6)
	at com.example.PotenciaRecursiva.potencia(PotenciaRecursiva.java:6)
	at com.example.PotenciaRecursiva.potencia(PotenciaRecursiva.java:6)
	at com.example.PotenciaRecursiva.potencia(PotenciaRecursiva.java:6)
	at com.example.PotenciaRecursiva.potencia(PotenciaRecursiva.java:6)
	at com.example.PotenciaRecursiva.potencia(PotenciaRecursiva.java:6)
	at com.example.PotenciaRecursiva.potencia(PotenciaRecursiva.java:6)
	at com.example.PotenciaRecursiva.potencia(PotenciaRecursiva.java:6)
	at com.example.PotenciaRecursiva.potencia(PotenciaRecursiva.java:6)
	at com.example.PotenciaRecursiva.potencia(PotenciaRecursiva.java:6)
	at com.example.PotenciaRecursiva.potencia(PotenciaRecursiva.java:6)
	at com.example.PotenciaRecursiva.potencia(PotenciaRecursiva.java:6)
	at com.example.PotenciaRecursiva.potencia(PotenciaRecursiva.java:6)
	at com.example.PotenciaRecursiva.potencia(PotenciaRecursiva.java:6)
	at com.example.PotenciaRecursiva.potencia(PotenciaRecursiva.java:6)
	at com.example.PotenciaRecursiva.potencia(PotenciaRecursiva.java:6)
	at com.example.PotenciaRecursiva.potencia(PotenciaRecursiva.java:6)
	at com.example.PotenciaRecursiva.potencia(PotenciaRecursiva.java:6)
	at com.example.PotenciaRecursiva.potencia(PotenciaRecursiva.java:6)
	at com.example.PotenciaRecursiva.potencia(PotenciaRecursiva.java:6)
	at com.example.PotenciaRecursiva.potencia(PotenciaRecursiva.java:6)
	at com.example.PotenciaRecursiva.potencia(PotenciaRecursiva.java:6)
	at com.example.PotenciaRecursiva.potencia(PotenciaRecursiva.java:6)
	at com.example.PotenciaRecursiva.potencia(PotenciaRecursiva.java:6)
	at com.example.PotenciaRecursiva.potencia(PotenciaRecursiva.java:6)
	at com.example.PotenciaRecursiva.potencia(PotenciaRecursiva.java:6)
	at com.example.PotenciaRecursiva.potencia(PotenciaRecursiva.java:6)
	at com.example.PotenciaRecursiva.potencia(PotenciaRecursiva.java:6)
	at com.example.PotenciaRecursiva.potencia(PotenciaRecursiva.java:6)
	at com.example.PotenciaRecursiva.potencia(PotenciaRecursiva.java:6)
	at com.example.PotenciaRecursiva.potencia(PotenciaRecursiva.java:6)
	at com.example.PotenciaRecursiva.potencia(PotenciaRecursiva.java:6)
	at com.example.PotenciaRecursiva.potencia(PotenciaRecursiva.java:6)
	at com.example.PotenciaRecursiva.potencia(PotenciaRecursiva.java:6)
	at com.example.PotenciaRecursiva.potencia(PotenciaRecursiva.java:6)
	at com.example.PotenciaRecursiva.potencia(PotenciaRecursiva.java:6)
	at com.example.PotenciaRecursiva.potencia(PotenciaRecursiva.java:6)
	at com.example.PotenciaRecursiva.potencia(PotenciaRecursiva.java:6)
	at com.example.PotenciaRecursiva.potencia(PotenciaRecursiva.java:6)
	at com.example.PotenciaRecursiva.potencia(PotenciaRecursiva.java:6)
	at com.example.PotenciaRecursiva.potencia(PotenciaRecursiva.java:6)
	at com.example.PotenciaRecursiva.potencia(PotenciaRecursiva.java:6)
	at com.example.PotenciaRecursiva.potencia(PotenciaRecursiva.java:6)
	at com.example.PotenciaRecursiva.potencia(PotenciaRecursiva.java:6)
	at com.example.PotenciaRecursiva.potencia(PotenciaRecursiva.java:6)
	at com.example.PotenciaRecursiva.potencia(PotenciaRecursiva.java:6)
	at com.example.PotenciaRecursiva.potencia(PotenciaRecursiva.java:6)
	at com.example.PotenciaRecursiva.potencia(PotenciaRecursiva.java:6)
	at com.example.PotenciaRecursiva.potencia(PotenciaRecursiva.java:6)
	at com.example.PotenciaRecursiva.potencia(PotenciaRecursiva.java:6)
	at com.example.PotenciaRecursiva.potencia(PotenciaRecursiva.java:6)
	at com.example.PotenciaRecursiva.potencia(PotenciaRecursiva.java:6)
	at com.example.PotenciaRecursiva.potencia(PotenciaRecursiva.java:6)
	at com.example.PotenciaRecursiva.potencia(PotenciaRecursiva.java:6)
	at com.example.PotenciaRecursiva.potencia(PotenciaRecursiva.java:6)
	at com.example.PotenciaRecursiva.potencia(PotenciaRecursiva.java:6)
	at com.example.PotenciaRecursiva.potencia(PotenciaRecursiva.java:6)
	at com.example.PotenciaRecursiva.potencia(PotenciaRecursiva.java:6)
	at com.example.PotenciaRecursiva.potencia(PotenciaRecursiva.java:6)
	at com.example.PotenciaRecursiva.potencia(PotenciaRecursiva.java:6)
	at com.example.PotenciaRecursiva.potencia(PotenciaRecursiva.java:6)
	at com.example.PotenciaRecursiva.potencia(PotenciaRecursiva.java:6)
	at com.example.PotenciaRecursiva.potencia(PotenciaRecursiva.java:6)
	at com.example.PotenciaRecursiva.potencia(PotenciaRecursiva.java:6)
	at com.example.PotenciaRecursiva.potencia(PotenciaRecursiva.java:6)
	at com.example.PotenciaRecursiva.potencia(PotenciaRecursiva.java:6)
	at com.example.PotenciaRecursiva.potencia(PotenciaRecursiva.java:6)
	at com.example.PotenciaRecursiva.potencia(PotenciaRecursiva.java:6)
	at com.example.PotenciaRecursiva.potencia(PotenciaRecursiva.java:6)
	at com.example.PotenciaRecursiva.potencia(PotenciaRecursiva.java:6)
	at com.example.PotenciaRecursiva.potencia(PotenciaRecursiva.java:6)
	at com.example.PotenciaRecursiva.potencia(PotenciaRecursiva.java:6)
	at com.example.PotenciaRecursiva.potencia(PotenciaRecursiva.java:6)
	at com.example.PotenciaRecursiva.potencia(PotenciaRecursiva.java:6)
	at com.example.PotenciaRecursiva.potencia(PotenciaRecursiva.java:6)
	at com.example.PotenciaRecursiva.potencia(PotenciaRecursiva.java:6)
	at com.example.PotenciaRecursiva.potencia(PotenciaRecursiva.java:6)
	at com.example.PotenciaRecursiva.potencia(PotenciaRecursiva.java:6)
	at com.example.PotenciaRecursiva.potencia(PotenciaRecursiva.java:6)
	at com.example.PotenciaRecursiva.potencia(PotenciaRecursiva.java:6)
	at com.example.PotenciaRecursiva.potencia(PotenciaRecursiva.java:6)
	at com.example.PotenciaRecursiva.potencia(PotenciaRecursiva.java:6)
	at com.example.PotenciaRecursiva.potencia(PotenciaRecursiva.java:6)
	at com.example.PotenciaRecursiva.potencia(PotenciaRecursiva.java:6)
	at com.example.PotenciaRecursiva.potencia(PotenciaRecursiva.java:6)
	at com.example.PotenciaRecursiva.potencia(PotenciaRecursiva.java:6)
	at com.example.PotenciaRecursiva.potencia(PotenciaRecursiva.java:6)
	at com.example.PotenciaRecursiva.potencia(PotenciaRecursiva.java:6)
	at com.example.PotenciaRecursiva.potencia(PotenciaRecursiva.java:6)
	at com.example.PotenciaRecursiva.potencia(PotenciaRecursiva.java:6)
	at com.example.PotenciaRecursiva.potencia(PotenciaRecursiva.java:6)
	at com.example.PotenciaRecursiva.potencia(PotenciaRecursiva.java:6)
	at com.example.PotenciaRecursiva.potencia(PotenciaRecursiva.java:6)
	at com.example.PotenciaRecursiva.potencia(PotenciaRecursiva.java:6)
	at com.example.PotenciaRecursiva.potencia(PotenciaRecursiva.java:6)
	at com.example.PotenciaRecursiva.potencia(PotenciaRecursiva.java:6)
	at com.example.PotenciaRecursiva.potencia(PotenciaRecursiva.java:6)
	at com.example.PotenciaRecursiva.potencia(PotenciaRecursiva.java:6)
	at com.example.PotenciaRecursiva.potencia(PotenciaRecursiva.java:6)
	at com.example.PotenciaRecursiva.potencia(PotenciaRecursiva.java:6)
	at com.example.PotenciaRecursiva.potencia(PotenciaRecursiva.java:6)
	at com.example.PotenciaRecursiva.potencia(PotenciaRecursiva.java:6)
	at com.example.PotenciaRecursiva.potencia(PotenciaRecursiva.java:6)
	at com.example.PotenciaRecursiva.potencia(PotenciaRecursiva.java:6)
	at com.example.PotenciaRecursiva.potencia(PotenciaRecursiva.java:6)
	at com.example.PotenciaRecursiva.potencia(PotenciaRecursiva.java:6)
	at com.example.PotenciaRecursiva.potencia(PotenciaRecursiva.java:6)
	at com.example.PotenciaRecursiva.potencia(PotenciaRecursiva.java:6)
	at com.example.PotenciaRecursiva.potencia(PotenciaRecursiva.java:6)
	at com.example.PotenciaRecursiva.potencia(PotenciaRecursiva.java:6)
	at com.example.PotenciaRecursiva.potencia(PotenciaRecursiva.java:6)
	at com.example.PotenciaRecursiva.potencia(PotenciaRecursiva.java:6)
	at com.example.PotenciaRecursiva.potencia(PotenciaRecursiva.java:6)
	at com.example.PotenciaRecursiva.potencia(PotenciaRecursiva.java:6)
	at com.example.PotenciaRecursiva.potencia(PotenciaRecursiva.java:6)
	at com.example.PotenciaRecursiva.potencia(PotenciaRecursiva.java:6)
	at com.example.PotenciaRecursiva.potencia(PotenciaRecursiva.java:6)
	at com.example.PotenciaRecursiva.potencia(PotenciaRecursiva.java:6)
	at com.example.PotenciaRecursiva.potencia(PotenciaRecursiva.java:6)
	at com.example.PotenciaRecursiva.potencia(PotenciaRecursiva.java:6)
	at com.example.PotenciaRecursiva.potencia(PotenciaRecursiva.java:6)
	at com.example.PotenciaRecursiva.potencia(PotenciaRecursiva.java:6)
	at com.example.PotenciaRecursiva.potencia(PotenciaRecursiva.java:6)
	at com.example.PotenciaRecursiva.potencia(PotenciaRecursiva.java:6)
	at com.example.PotenciaRecursiva.potencia(PotenciaRecursiva.java:6)
	at com.example.PotenciaRecursiva.potencia(PotenciaRecursiva.java:6)
	at com.example.PotenciaRecursiva.potencia(PotenciaRecursiva.java:6)
	at com.example.PotenciaRecursiva.potencia(PotenciaRecursiva.java:6)
	at com.example.PotenciaRecursiva.potencia(PotenciaRecursiva.java:6)
	at com.example.PotenciaRecursiva.potencia(PotenciaRecursiva.java:6)
	at com.example.PotenciaRecursiva.potencia(PotenciaRecursiva.java:6)
	at com.example.PotenciaRecursiva.potencia(PotenciaRecursiva.java:6)
	at com.example.PotenciaRecursiva.potencia(PotenciaRecursiva.java:6)
	at com.example.PotenciaRecursiva.potencia(PotenciaRecursiva.java:6)
	at com.example.PotenciaRecursiva.potencia(PotenciaRecursiva.java:6)
	at com.example.PotenciaRecursiva.potencia(PotenciaRecursiva.java:6)
	at com.example.PotenciaRecursiva.potencia(PotenciaRecursiva.java:6)
	at com.example.PotenciaRecursiva.potencia(PotenciaRecursiva.java:6)
	at com.example.PotenciaRecursiva.potencia(PotenciaRecursiva.java:6)
	at com.example.PotenciaRecursiva.potencia(PotenciaRecursiva.java:6)
	at com.example.PotenciaRecursiva.potencia(PotenciaRecursiva.java:6)
	at com.example.PotenciaRecursiva.potencia(PotenciaRecursiva.java:6)
	at com.example.PotenciaRecursiva.potencia(PotenciaRecursiva.java:6)
	at com.example.PotenciaRecursiva.potencia(PotenciaRecursiva.java:6)
	at com.example.PotenciaRecursiva.potencia(PotenciaRecursiva.java:6)
	at com.example.PotenciaRecursiva.potencia(PotenciaRecursiva.java:6)
	at com.example.PotenciaRecursiva.potencia(PotenciaRecursiva.java:6)
	at com.example.PotenciaRecursiva.potencia(PotenciaRecursiva.java:6)
	at com.example.PotenciaRecursiva.potencia(PotenciaRecursiva.java:6)
	at com.example.PotenciaRecursiva.potencia(PotenciaRecursiva.java:6)
	at com.example.PotenciaRecursiva.potencia(PotenciaRecursiva.java:6)
	at com.example.PotenciaRecursiva.potencia(PotenciaRecursiva.java:6)
	at com.example.PotenciaRecursiva.potencia(PotenciaRecursiva.java:6)
	at com.example.PotenciaRecursiva.potencia(PotenciaRecursiva.java:6)
	at com.example.PotenciaRecursiva.potencia(PotenciaRecursiva.java:6)
	at com.example.PotenciaRecursiva.potencia(PotenciaRecursiva.java:6)
	at com.example.PotenciaRecursiva.potencia(PotenciaRecursiva.java:6)
	at com.example.PotenciaRecursiva.potencia(PotenciaRecursiva.java:6)
	at com.example.PotenciaRecursiva.potencia(PotenciaRecursiva.java:6)
	at com.example.PotenciaRecursiva.potencia(PotenciaRecursiva.java:6)
	at com.example.PotenciaRecursiva.potencia(PotenciaRecursiva.java:6)
	at com.example.PotenciaRecursiva.potencia(PotenciaRecursiva.java:6)
	at com.example.PotenciaRecursiva.potencia(PotenciaRecursiva.java:6)
	at com.example.PotenciaRecursiva.potencia(PotenciaRecursiva.java:6)
	at com.example.PotenciaRecursiva.potencia(PotenciaRecursiva.java:6)
	at com.example.PotenciaRecursiva.potencia(PotenciaRecursiva.java:6)
	at com.example.PotenciaRecursiva.potencia(PotenciaRecursiva.java:6)
	at com.example.PotenciaRecursiva.potencia(PotenciaRecursiva.java:6)
	at com.example.PotenciaRecursiva.potencia(PotenciaRecursiva.java:6)
	at com.example.PotenciaRecursiva.potencia(PotenciaRecursiva.java:6)
	at com.example.PotenciaRecursiva.potencia(PotenciaRecursiva.java:6)
	at com.example.PotenciaRecursiva.potencia(PotenciaRecursiva.java:6)
	at com.example.PotenciaRecursiva.potencia(PotenciaRecursiva.java:6)
	at com.example.PotenciaRecursiva.potencia(PotenciaRecursiva.java:6)
	at com.example.PotenciaRecursiva.potencia(PotenciaRecursiva.java:6)
	at com.example.PotenciaRecursiva.potencia(PotenciaRecursiva.java:6)
	at com.example.PotenciaRecursiva.potencia(PotenciaRecursiva.java:6)
	at com.example.PotenciaRecursiva.potencia(PotenciaRecursiva.java:6)
	at com.example.PotenciaRecursiva.potencia(PotenciaRecursiva.java:6)
	at com.example.PotenciaRecursiva.potencia(PotenciaRecursiva.java:6)
	at com.example.PotenciaRecursiva.potencia(PotenciaRecursiva.java:6)
	at com.example.PotenciaRecursiva.potencia(PotenciaRecursiva.java:6)
	at com.example.PotenciaRecursiva.potencia(PotenciaRecursiva.java:6)
	at com.example.PotenciaRecursiva.potencia(PotenciaRecursiva.java:6)
	at com.example.PotenciaRecursiva.potencia(PotenciaRecursiva.java:6)
	at com.example.PotenciaRecursiva.potencia(PotenciaRecursiva.java:6)
	at com.example.PotenciaRecursiva.potencia(PotenciaRecursiva.java:6)
	at com.example.PotenciaRecursiva.potencia(PotenciaRecursiva.java:6)
	at com.example.PotenciaRecursiva.potencia(PotenciaRecursiva.java:6)
	at com.example.PotenciaRecursiva.potencia(PotenciaRecursiva.java:6)
	at com.example.PotenciaRecursiva.potencia(PotenciaRecursiva.java:6)
	at com.example.PotenciaRecursiva.potencia(PotenciaRecursiva.java:6)
	at com.example.PotenciaRecursiva.potencia(PotenciaRecursiva.java:6)
	at com.example.PotenciaRecursiva.potencia(PotenciaRecursiva.java:6)
	at com.example.PotenciaRecursiva.potencia(PotenciaRecursiva.java:6)
	at com.example.PotenciaRecursiva.potencia(PotenciaRecursiva.java:6)
	at com.example.PotenciaRecursiva.potencia(PotenciaRecursiva.java:6)
	at com.example.PotenciaRecursiva.potencia(PotenciaRecursiva.java:6)
	at com.example.PotenciaRecursiva.potencia(PotenciaRecursiva.java:6)
	at com.example.PotenciaRecursiva.potencia(PotenciaRecursiva.java:6)
	at com.example.PotenciaRecursiva.potencia(PotenciaRecursiva.java:6)
	at com.example.PotenciaRecursiva.potencia(PotenciaRecursiva.java:6)
	at com.example.PotenciaRecursiva.potencia(PotenciaRecursiva.java:6)
	at com.example.PotenciaRecursiva.potencia(PotenciaRecursiva.java:6)
	at com.example.PotenciaRecursiva.potencia(PotenciaRecursiva.java:6)
	at com.example.PotenciaRecursiva.potencia(PotenciaRecursiva.java:6)
	at com.example.PotenciaRecursiva.potencia(PotenciaRecursiva.java:6)
	at com.example.PotenciaRecursiva.potencia(PotenciaRecursiva.java:6)
	at com.example.PotenciaRecursiva.potencia(PotenciaRecursiva.java:6)
	at com.example.PotenciaRecursiva.potencia(PotenciaRecursiva.java:6)
	at com.example.PotenciaRecursiva.potencia(PotenciaRecursiva.java:6)
	at com.example.PotenciaRecursiva.potencia(PotenciaRecursiva.java:6)
	at com.example.PotenciaRecursiva.potencia(PotenciaRecursiva.java:6)
	at com.example.PotenciaRecursiva.potencia(PotenciaRecursiva.java:6)
	at com.example.PotenciaRecursiva.potencia(PotenciaRecursiva.java:6)
	at com.example.PotenciaRecursiva.potencia(PotenciaRecursiva.java:6)
	at com.example.PotenciaRecursiva.potencia(PotenciaRecursiva.java:6)
	at com.example.PotenciaRecursiva.potencia(PotenciaRecursiva.java:6)
	at com.example.PotenciaRecursiva.potencia(PotenciaRecursiva.java:6)
	at com.example.PotenciaRecursiva.potencia(PotenciaRecursiva.java:6)
	at com.example.PotenciaRecursiva.potencia(PotenciaRecursiva.java:6)
	at com.example.PotenciaRecursiva.potencia(PotenciaRecursiva.java:6)
	at com.example.PotenciaRecursiva.potencia(PotenciaRecursiva.java:6)
	at com.example.PotenciaRecursiva.potencia(PotenciaRecursiva.java:6)
	at com.example.PotenciaRecursiva.potencia(PotenciaRecursiva.java:6)
	at com.example.PotenciaRecursiva.potencia(PotenciaRecursiva.java:6)
	at com.example.PotenciaRecursiva.potencia(PotenciaRecursiva.java:6)
	at com.example.PotenciaRecursiva.potencia(PotenciaRecursiva.java:6)
	at com.example.PotenciaRecursiva.potencia(PotenciaRecursiva.java:6)
	at com.example.PotenciaRecursiva.potencia(PotenciaRecursiva.java:6)
	at com.example.PotenciaRecursiva.potencia(PotenciaRecursiva.java:6)
	at com.example.PotenciaRecursiva.potencia(PotenciaRecursiva.java:6)
	at com.example.PotenciaRecursiva.potencia(PotenciaRecursiva.java:6)
	at com.example.PotenciaRecursiva.potencia(PotenciaRecursiva.java:6)
	at com.example.PotenciaRecursiva.potencia(PotenciaRecursiva.java:6)
	at com.example.PotenciaRecursiva.potencia(PotenciaRecursiva.java:6)
	at com.example.PotenciaRecursiva.potencia(PotenciaRecursiva.java:6)
	at com.example.PotenciaRecursiva.potencia(PotenciaRecursiva.java:6)
	at com.example.PotenciaRecursiva.potencia(PotenciaRecursiva.java:6)
	at com.example.PotenciaRecursiva.potencia(PotenciaRecursiva.java:6)
	at com.example.PotenciaRecursiva.potencia(PotenciaRecursiva.java:6)
	at com.example.PotenciaRecursiva.potencia(PotenciaRecursiva.java:6)
	at com.example.PotenciaRecursiva.potencia(PotenciaRecursiva.java:6)
	at com.example.PotenciaRecursiva.potencia(PotenciaRecursiva.java:6)
	at com.example.PotenciaRecursiva.potencia(PotenciaRecursiva.java:6)
	at com.example.PotenciaRecursiva.potencia(PotenciaRecursiva.java:6)
	at com.example.PotenciaRecursiva.potencia(PotenciaRecursiva.java:6)
	at com.example.PotenciaRecursiva.potencia(PotenciaRecursiva.java:6)
	at com.example.PotenciaRecursiva.potencia(PotenciaRecursiva.java:6)
	at com.example.PotenciaRecursiva.potencia(PotenciaRecursiva.java:6)
	at com.example.PotenciaRecursiva.potencia(PotenciaRecursiva.java:6)
	at com.example.PotenciaRecursiva.potencia(PotenciaRecursiva.java:6)
	at com.example.PotenciaRecursiva.potencia(PotenciaRecursiva.java:6)
	at com.example.PotenciaRecursiva.potencia(PotenciaRecursiva.java:6)
	at com.example.PotenciaRecursiva.potencia(PotenciaRecursiva.java:6)
	at com.example.PotenciaRecursiva.potencia(PotenciaRecursiva.java:6)
	at com.example.PotenciaRecursiva.potencia(PotenciaRecursiva.java:6)
	at com.example.PotenciaRecursiva.potencia(PotenciaRecursiva.java:6)
	at com.example.PotenciaRecursiva.potencia(PotenciaRecursiva.java:6)
	at com.example.PotenciaRecursiva.potencia(PotenciaRecursiva.java:6)
	at com.example.PotenciaRecursiva.potencia(PotenciaRecursiva.java:6)
	at com.example.PotenciaRecursiva.potencia(PotenciaRecursiva.java:6)
	at com.example.PotenciaRecursiva.potencia(PotenciaRecursiva.java:6)
	at com.example.PotenciaRecursiva.potencia(PotenciaRecursiva.java:6)
	at com.example.PotenciaRecursiva.potencia(PotenciaRecursiva.java:6)
	at com.example.PotenciaRecursiva.potencia(PotenciaRecursiva.java:6)
	at com.example.PotenciaRecursiva.potencia(PotenciaRecursiva.java:6)
	at com.example.PotenciaRecursiva.potencia(PotenciaRecursiva.java:6)
	at com.example.PotenciaRecursiva.potencia(PotenciaRecursiva.java:6)
	at com.example.PotenciaRecursiva.potencia(PotenciaRecursiva.java:6)
	at com.example.PotenciaRecursiva.potencia(PotenciaRecursiva.java:6)
	at com.example.PotenciaRecursiva.potencia(PotenciaRecursiva.java:6)
	at com.example.PotenciaRecursiva.potencia(PotenciaRecursiva.java:6)
	at com.example.PotenciaRecursiva.potencia(PotenciaRecursiva.java:6)
	at com.example.PotenciaRecursiva.potencia(PotenciaRecursiva.java:6)
	at com.example.PotenciaRecursiva.potencia(PotenciaRecursiva.java:6)
	at com.example.PotenciaRecursiva.potencia(PotenciaRecursiva.java:6)
	at com.example.PotenciaRecursiva.potencia(PotenciaRecursiva.java:6)
	at com.example.PotenciaRecursiva.potencia(PotenciaRecursiva.java:6)
	at com.example.PotenciaRecursiva.potencia(PotenciaRecursiva.java:6)
	at com.example.PotenciaRecursiva.potencia(PotenciaRecursiva.java:6)
	at com.example.PotenciaRecursiva.potencia(PotenciaRecursiva.java:6)
	at com.example.PotenciaRecursiva.potencia(PotenciaRecursiva.java:6)
	at com.example.PotenciaRecursiva.potencia(PotenciaRecursiva.java:6)
	at com.example.PotenciaRecursiva.potencia(PotenciaRecursiva.java:6)
	at com.example.PotenciaRecursiva.potencia(PotenciaRecursiva.java:6)
	at com.example.PotenciaRecursiva.potencia(PotenciaRecursiva.java:6)
	at com.example.PotenciaRecursiva.potencia(PotenciaRecursiva.java:6)
	at com.example.PotenciaRecursiva.potencia(PotenciaRecursiva.java:6)
	at com.example.PotenciaRecursiva.potencia(PotenciaRecursiva.java:6)
	at com.example.PotenciaRecursiva.potencia(PotenciaRecursiva.java:6)
	at com.example.PotenciaRecursiva.potencia(PotenciaRecursiva.java:6)
	at com.example.PotenciaRecursiva.potencia(PotenciaRecursiva.java:6)
	at com.example.PotenciaRecursiva.potencia(PotenciaRecursiva.java:6)
	at com.example.PotenciaRecursiva.potencia(PotenciaRecursiva.java:6)
	at com.example.PotenciaRecursiva.potencia(PotenciaRecursiva.java:6)
	at com.example.PotenciaRecursiva.potencia(PotenciaRecursiva.java:6)
	at com.example.PotenciaRecursiva.potencia(PotenciaRecursiva.java:6)
	at com.example.PotenciaRecursiva.potencia(PotenciaRecursiva.java:6)
	at com.example.PotenciaRecursiva.potencia(PotenciaRecursiva.java:6)
	at com.example.PotenciaRecursiva.potencia(PotenciaRecursiva.java:6)
	at com.example.PotenciaRecursiva.potencia(PotenciaRecursiva.java:6)
	at com.example.PotenciaRecursiva.potencia(PotenciaRecursiva.java:6)
	at com.example.PotenciaRecursiva.potencia(PotenciaRecursiva.java:6)
	at com.example.PotenciaRecursiva.potencia(PotenciaRecursiva.java:6)
	at com.example.PotenciaRecursiva.potencia(PotenciaRecursiva.java:6)
	at com.example.PotenciaRecursiva.potencia(PotenciaRecursiva.java:6)
	at com.example.PotenciaRecursiva.potencia(PotenciaRecursiva.java:6)
	at com.example.PotenciaRecursiva.potencia(PotenciaRecursiva.java:6)
	at com.example.PotenciaRecursiva.potencia(PotenciaRecursiva.java:6)
	at com.example.PotenciaRecursiva.potencia(PotenciaRecursiva.java:6)
	at com.example.PotenciaRecursiva.potencia(PotenciaRecursiva.java:6)
	at com.example.PotenciaRecursiva.potencia(PotenciaRecursiva.java:6)
	at com.example.PotenciaRecursiva.potencia(PotenciaRecursiva.java:6)
	at com.example.PotenciaRecursiva.potencia(PotenciaRecursiva.java:6)
	at com.example.PotenciaRecursiva.potencia(PotenciaRecursiva.java:6)
	at com.example.PotenciaRecursiva.potencia(PotenciaRecursiva.java:6)
	at com.example.PotenciaRecursiva.potencia(PotenciaRecursiva.java:6)
	at com.example.PotenciaRecursiva.potencia(PotenciaRecursiva.java:6)
	at com.example.PotenciaRecursiva.potencia(PotenciaRecursiva.java:6)
	at com.example.PotenciaRecursiva.potencia(PotenciaRecursiva.java:6)
	at com.example.PotenciaRecursiva.potencia(PotenciaRecursiva.java:6)
	at com.example.PotenciaRecursiva.potencia(PotenciaRecursiva.java:6)
	at com.example.PotenciaRecursiva.potencia(PotenciaRecursiva.java:6)
	at com.example.PotenciaRecursiva.potencia(PotenciaRecursiva.java:6)
	at com.example.PotenciaRecursiva.potencia(PotenciaRecursiva.java:6)
	at com.example.PotenciaRecursiva.potencia(PotenciaRecursiva.java:6)
	at com.example.PotenciaRecursiva.potencia(PotenciaRecursiva.java:6)
	at com.example.PotenciaRecursiva.potencia(PotenciaRecursiva.java:6)
	at com.example.PotenciaRecursiva.potencia(PotenciaRecursiva.java:6)
	at com.example.PotenciaRecursiva.potencia(PotenciaRecursiva.java:6)
	at com.example.PotenciaRecursiva.potencia(PotenciaRecursiva.java:6)
	at com.example.PotenciaRecursiva.potencia(PotenciaRecursiva.java:6)
	at com.example.PotenciaRecursiva.potencia(PotenciaRecursiva.java:6)
	at com.example.PotenciaRecursiva.potencia(PotenciaRecursiva.java:6)
	at com.example.PotenciaRecursiva.potencia(PotenciaRecursiva.java:6)
	at com.example.PotenciaRecursiva.potencia(PotenciaRecursiva.java:6)
	at com.example.PotenciaRecursiva.potencia(PotenciaRecursiva.java:6)
	at com.example.PotenciaRecursiva.potencia(PotenciaRecursiva.java:6)
	at com.example.PotenciaRecursiva.potencia(PotenciaRecursiva.java:6)
	at com.example.PotenciaRecursiva.potencia(PotenciaRecursiva.java:6)
	at com.example.PotenciaRecursiva.potencia(PotenciaRecursiva.java:6)
	at com.example.PotenciaRecursiva.potencia(PotenciaRecursiva.java:6)
]]></error>
  </testcase>
  <testcase name="testPotenciaExponenteCero" classname="com.example.PotenciaRecursivaTest" time="0.001"/>
  <testcase name="testPotenciaPositiva" classname="com.example.PotenciaRecursivaTest" time="0.0"/>
</testsuite>